Log file open, 12/14/20 22:40:10
LogInit: Display: Running engine for game: ArenaBattle
LogPlatformFile: Not using cached read wrapper
LogTaskGraph: Started task graph with 5 named threads and 47 total threads with 3 sets of task threads.
LogStats: Stats thread started at 0.487722
LogD3D11RHI: Loaded GFSDK_Aftermath_Lib.x64.dll
LogICUInternationalization: ICU TimeZone Detection - Raw Offset: +9:00, Platform Override: ''
LogPluginManager: Mounting plugin Paper2D
LogPluginManager: Mounting plugin AISupport
LogPluginManager: Mounting plugin LightPropagationVolume
LogPluginManager: Mounting plugin CameraShakePreviewer
LogPluginManager: Mounting plugin ActorLayerUtilities
LogPluginManager: Mounting plugin AnimationSharing
LogPluginManager: Mounting plugin CLionSourceCodeAccess
LogPluginManager: Mounting plugin CodeLiteSourceCodeAccess
LogPluginManager: Mounting plugin GitSourceControl
LogPluginManager: Mounting plugin KDevelopSourceCodeAccess
LogPluginManager: Mounting plugin NullSourceCodeAccess
LogPluginManager: Mounting plugin PerforceSourceControl
LogPluginManager: Mounting plugin PlasticSourceControl
LogPluginManager: Mounting plugin RiderSourceCodeAccess
LogPluginManager: Mounting plugin SubversionSourceControl
LogPluginManager: Mounting plugin UObjectPlugin
LogPluginManager: Mounting plugin VisualStudioCodeSourceCodeAccess
LogPluginManager: Mounting plugin VisualStudioSourceCodeAccess
LogPluginManager: Mounting plugin XCodeSourceCodeAccess
LogPluginManager: Mounting plugin AssetManagerEditor
LogPluginManager: Mounting plugin CryptoKeys
LogPluginManager: Mounting plugin CurveEditorTools
LogPluginManager: Mounting plugin DataValidation
LogPluginManager: Mounting plugin EditorScriptingUtilities
LogPluginManager: Mounting plugin FacialAnimation
LogPluginManager: Mounting plugin GameplayTagsEditor
LogPluginManager: Mounting plugin GeometryMode
LogPluginManager: Mounting plugin MacGraphicsSwitching
LogPluginManager: Mounting plugin MaterialAnalyzer
LogPluginManager: Mounting plugin MobileLauncherProfileWizard
LogPluginManager: Mounting plugin PluginBrowser
LogPluginManager: Mounting plugin SpeedTreeImporter
LogPluginManager: Mounting plugin DatasmithContent
LogPluginManager: Mounting plugin VariantManagerContent
LogPluginManager: Mounting plugin AlembicImporter
LogPluginManager: Mounting plugin AutomationUtils
LogPluginManager: Mounting plugin BackChannel
LogPluginManager: Mounting plugin ChaosCloth
LogPluginManager: Mounting plugin ChaosClothEditor
LogPluginManager: Mounting plugin ChaosEditor
LogPluginManager: Mounting plugin ChaosNiagara
LogPluginManager: Mounting plugin ChaosSolverPlugin
LogPluginManager: Mounting plugin CharacterAI
LogPluginManager: Mounting plugin GeometryCache
LogPluginManager: Mounting plugin GeometryCollectionPlugin
LogPluginManager: Mounting plugin GeometryProcessing
LogPluginManager: Mounting plugin PlanarCut
LogPluginManager: Mounting plugin PlatformCrypto
LogPluginManager: Mounting plugin ProxyLODPlugin
LogPluginManager: Mounting plugin SkeletalReduction
LogPluginManager: Mounting plugin Niagara
LogPluginManager: Mounting plugin MagicLeap
LogPluginManager: Mounting plugin MagicLeapLightEstimation
LogPluginManager: Mounting plugin MagicLeapMedia
LogPluginManager: Mounting plugin MagicLeapPassableWorld
LogPluginManager: Mounting plugin MLSDK
LogPluginManager: Mounting plugin AndroidMedia
LogPluginManager: Mounting plugin AvfMedia
LogPluginManager: Mounting plugin ImgMedia
LogPluginManager: Mounting plugin MediaCompositing
LogPluginManager: Mounting plugin MediaPlayerEditor
LogPluginManager: Mounting plugin WebMMedia
LogPluginManager: Mounting plugin WmfMedia
LogPluginManager: Mounting plugin MeshPainting
LogPluginManager: Mounting plugin TcpMessaging
LogPluginManager: Mounting plugin UdpMessaging
LogPluginManager: Mounting plugin ActorSequence
LogPluginManager: Mounting plugin LevelSequenceEditor
LogPluginManager: Mounting plugin MatineeToLevelSequence
LogPluginManager: Mounting plugin MovieRenderPipeline
LogPluginManager: Mounting plugin TemplateSequence
LogPluginManager: Mounting plugin NetcodeUnitTest
LogPluginManager: Mounting plugin NUTUnrealEngine4
LogPluginManager: Mounting plugin OnlineSubsystemGooglePlay
LogPluginManager: Mounting plugin OnlineSubsystemIOS
LogPluginManager: Mounting plugin OnlineSubsystem
LogPluginManager: Mounting plugin OnlineSubsystemNull
LogPluginManager: Mounting plugin OnlineSubsystemUtils
LogPluginManager: Mounting plugin LauncherChunkInstaller
LogPluginManager: Mounting plugin AndroidDeviceProfileSelector
LogPluginManager: Mounting plugin AndroidMoviePlayer
LogPluginManager: Mounting plugin AndroidPermission
LogPluginManager: Mounting plugin AppleImageUtils
LogPluginManager: Mounting plugin AppleMoviePlayer
LogPluginManager: Mounting plugin ArchVisCharacter
LogPluginManager: Mounting plugin AssetTags
LogPluginManager: Mounting plugin AudioCapture
LogPluginManager: Mounting plugin CableComponent
LogPluginManager: Mounting plugin CustomMeshComponent
LogPluginManager: Mounting plugin EditableMesh
LogPluginManager: Mounting plugin ExampleDeviceProfileSelector
LogPluginManager: Mounting plugin GoogleCloudMessaging
LogPluginManager: Mounting plugin GooglePAD
LogPluginManager: Mounting plugin IOSDeviceProfileSelector
LogPluginManager: Mounting plugin LinuxDeviceProfileSelector
LogPluginManager: Mounting plugin LocationServicesBPLibrary
LogPluginManager: Mounting plugin MobilePatchingUtils
LogPluginManager: Mounting plugin OculusVR
LogPluginManager: Mounting plugin PhysXVehicles
LogPluginManager: Mounting plugin PostSplashScreen
LogPluginManager: Mounting plugin ProceduralMeshComponent
LogPluginManager: Mounting plugin RuntimePhysXCooking
LogPluginManager: Mounting plugin SignificanceManager
LogPluginManager: Mounting plugin SoundFields
LogPluginManager: Mounting plugin SteamVR
LogPluginManager: Mounting plugin Synthesis
LogPluginManager: Mounting plugin WebMMoviePlayer
LogPluginManager: Mounting plugin WindowsMoviePlayer
LogPluginManager: Mounting plugin ScreenshotTools
LogInit: Using libcurl 7.55.1-DEV
LogInit:  - built for x86_64-pc-win32
LogInit:  - supports SSL with OpenSSL/1.1.1
LogInit:  - supports HTTP deflate (compression) using libz 1.2.8
LogInit:  - other features:
LogInit:      CURL_VERSION_SSL
LogInit:      CURL_VERSION_LIBZ
LogInit:      CURL_VERSION_IPV6
LogInit:      CURL_VERSION_ASYNCHDNS
LogInit:      CURL_VERSION_LARGEFILE
LogInit:      CURL_VERSION_IDN
LogInit:  CurlRequestOptions (configurable via config and command line):
LogInit:  - bVerifyPeer = true  - Libcurl will verify peer certificate
LogInit:  - bUseHttpProxy = false  - Libcurl will NOT use HTTP proxy
LogInit:  - bDontReuseConnections = false  - Libcurl will reuse connections
LogInit:  - MaxHostConnections = 16  - Libcurl will limit the number of connections to a host
LogInit:  - LocalHostAddr = Default
LogInit:  - BufferSize = 65536
LogOnline: OSS: Creating online subsystem instance for: NULL
LogInit: WinSock: version 1.1 (2.2), MaxSocks=32767, MaxUdp=65467
LogOnline: OSS: TryLoadSubsystemAndSetDefault: Loaded subsystem for module [NULL]
LogInit: Build: ++UE4+Release-4.25-CL-14469661
LogInit: Engine Version: 4.25.4-14469661+++UE4+Release-4.25
LogInit: Compatible Engine Version: 4.25.0-13144385+++UE4+Release-4.25
LogInit: Net CL: 13144385
LogInit: OS: Windows 10 (Release 2004) (), CPU: Intel(R) Core(TM) i9-9880H CPU @ 2.30GHz, GPU: AMD Radeon Pro 5500M
LogInit: Compiled (64-bit): Oct 11 2020 08:10:49
LogInit: Compiled with Visual C++: 19.24.28315.00
LogInit: Build Configuration: Development
LogInit: Branch Name: ++UE4+Release-4.25
LogInit: Command Line: 
LogInit: Base Directory: C:/Program Files/Epic Games/UE_4.25/Engine/Binaries/Win64/
LogInit: Allocator: TBB
LogInit: Installed Engine Build: 1
LogDevObjectVersion: Number of dev versions registered: 26
LogDevObjectVersion:   Dev-Blueprints (B0D832E4-1F89-4F0D-ACCF-7EB736FD4AA2): 10
LogDevObjectVersion:   Dev-Build (E1C64328-A22C-4D53-A36C-8E866417BD8C): 0
LogDevObjectVersion:   Dev-Core (375EC13C-06E4-48FB-B500-84F0262A717E): 4
LogDevObjectVersion:   Dev-Editor (E4B068ED-F494-42E9-A231-DA0B2E46BB41): 38
LogDevObjectVersion:   Dev-Framework (CFFC743F-43B0-4480-9391-14DF171D2073): 37
LogDevObjectVersion:   Dev-Mobile (B02B49B5-BB20-44E9-A304-32B752E40360): 2
LogDevObjectVersion:   Dev-Networking (A4E4105C-59A1-49B5-A7C5-40C4547EDFEE): 0
LogDevObjectVersion:   Dev-Online (39C831C9-5AE6-47DC-9A44-9C173E1C8E7C): 0
LogDevObjectVersion:   Dev-Physics (78F01B33-EBEA-4F98-B9B4-84EACCB95AA2): 4
LogDevObjectVersion:   Dev-Platform (6631380F-2D4D-43E0-8009-CF276956A95A): 0
LogDevObjectVersion:   Dev-Rendering (12F88B9F-8875-4AFC-A67C-D90C383ABD29): 43
LogDevObjectVersion:   Dev-Sequencer (7B5AE74C-D270-4C10-A958-57980B212A5A): 12
LogDevObjectVersion:   Dev-VR (D7296918-1DD6-4BDD-9DE2-64A83CC13884): 3
LogDevObjectVersion:   Dev-LoadTimes (C2A15278-BFE7-4AFE-6C17-90FF531DF755): 1
LogDevObjectVersion:   Private-Geometry (6EACA3D4-40EC-4CC1-B786-8BED09428FC5): 3
LogDevObjectVersion:   Dev-AnimPhys (29E575DD-E0A3-4627-9D10-D276232CDCEA): 17
LogDevObjectVersion:   Dev-Anim (AF43A65D-7FD3-4947-9873-3E8ED9C1BB05): 7
LogDevObjectVersion:   Dev-ReflectionCapture (6B266CEC-1EC7-4B8F-A30B-E4D90942FC07): 1
LogDevObjectVersion:   Dev-Automation (0DF73D61-A23F-47EA-B727-89E90C41499A): 1
LogDevObjectVersion:   FortniteMain (601D1886-AC64-4F84-AA16-D3DE0DEAC7D6): 31
LogDevObjectVersion:   Dev-Enterprise (9DFFBCD6-494F-0158-E221-12823C92A888): 10
LogDevObjectVersion:   Dev-Niagara (F2AED0AC-9AFE-416F-8664-AA7FFA26D6FC): 1
LogDevObjectVersion:   Dev-Destruction (174F1F0B-B4C6-45A5-B13F-2EE8D0FB917D): 10
LogDevObjectVersion:   Dev-Physics-Ext (35F94A83-E258-406C-A318-09F59610247C): 37
LogDevObjectVersion:   Dev-PhysicsMaterial-Chaos (B68FC16E-8B1B-42E2-B453-215C058844FE): 1
LogDevObjectVersion:   Dev-CineCamera (B2E18506-4273-CFC2-A54E-F4BB758BBA07): 1
LogInit: Presizing for max 25165824 objects, including 0 objects not considered by GC, pre-allocating 0 bytes for permanent pool.
LogConfig: Applying CVar settings from Section [/Script/Engine.StreamingSettings] File [D:/Unreal Projects/ArenaBattle/Saved/Config/Windows/Engine.ini]
LogConfig: Setting CVar [[s.MinBulkDataSizeForAsyncLoading:131072]]
LogConfig: Setting CVar [[s.AsyncLoadingThreadEnabled:0]]
LogConfig: Setting CVar [[s.EventDrivenLoaderEnabled:1]]
LogConfig: Setting CVar [[s.WarnIfTimeLimitExceeded:0]]
LogConfig: Setting CVar [[s.TimeLimitExceededMultiplier:1.5]]
LogConfig: Setting CVar [[s.TimeLimitExceededMinTime:0.005]]
LogConfig: Setting CVar [[s.UseBackgroundLevelStreaming:1]]
LogConfig: Setting CVar [[s.PriorityAsyncLoadingExtraTime:15.0]]
LogConfig: Setting CVar [[s.LevelStreamingActorsUpdateTimeLimit:5.0]]
LogConfig: Setting CVar [[s.PriorityLevelStreamingActorsUpdateExtraTime:5.0]]
LogConfig: Setting CVar [[s.LevelStreamingComponentsRegistrationGranularity:10]]
LogConfig: Setting CVar [[s.UnregisterComponentsTimeLimit:1.0]]
LogConfig: Setting CVar [[s.LevelStreamingComponentsUnregistrationGranularity:5]]
LogConfig: Setting CVar [[s.FlushStreamingOnExit:1]]
LogInit: Object subsystem initialized
LogConfig: Setting CVar [[con.DebugEarlyDefault:1]]
LogConfig: Setting CVar [[r.setres:1280x720]]
[2020.12.14-13.40.10:616][  0]LogConfig: Setting CVar [[r.VSync:0]]
[2020.12.14-13.40.10:616][  0]LogConfig: Setting CVar [[r.RHICmdBypass:0]]
[2020.12.14-13.40.10:616][  0]LogConfig: Applying CVar settings from Section [/Script/Engine.RendererSettings] File [D:/Unreal Projects/ArenaBattle/Saved/Config/Windows/Engine.ini]
[2020.12.14-13.40.10:616][  0]LogConfig: Setting CVar [[r.GPUCrashDebugging:0]]
[2020.12.14-13.40.10:616][  0]LogConfig: Applying CVar settings from Section [/Script/Engine.RendererOverrideSettings] File [D:/Unreal Projects/ArenaBattle/Saved/Config/Windows/Engine.ini]
[2020.12.14-13.40.10:616][  0]LogConfig: Applying CVar settings from Section [/Script/Engine.StreamingSettings] File [D:/Unreal Projects/ArenaBattle/Saved/Config/Windows/Engine.ini]
[2020.12.14-13.40.10:616][  0]LogConfig: Setting CVar [[s.MinBulkDataSizeForAsyncLoading:131072]]
[2020.12.14-13.40.10:616][  0]LogConfig: Setting CVar [[s.AsyncLoadingThreadEnabled:0]]
[2020.12.14-13.40.10:616][  0]LogConfig: Setting CVar [[s.EventDrivenLoaderEnabled:1]]
[2020.12.14-13.40.10:616][  0]LogConfig: Setting CVar [[s.WarnIfTimeLimitExceeded:0]]
[2020.12.14-13.40.10:616][  0]LogConfig: Setting CVar [[s.TimeLimitExceededMultiplier:1.5]]
[2020.12.14-13.40.10:616][  0]LogConfig: Setting CVar [[s.TimeLimitExceededMinTime:0.005]]
[2020.12.14-13.40.10:616][  0]LogConfig: Setting CVar [[s.UseBackgroundLevelStreaming:1]]
[2020.12.14-13.40.10:616][  0]LogConfig: Setting CVar [[s.PriorityAsyncLoadingExtraTime:15.0]]
[2020.12.14-13.40.10:616][  0]LogConfig: Setting CVar [[s.LevelStreamingActorsUpdateTimeLimit:5.0]]
[2020.12.14-13.40.10:616][  0]LogConfig: Setting CVar [[s.PriorityLevelStreamingActorsUpdateExtraTime:5.0]]
[2020.12.14-13.40.10:616][  0]LogConfig: Setting CVar [[s.LevelStreamingComponentsRegistrationGranularity:10]]
[2020.12.14-13.40.10:616][  0]LogConfig: Setting CVar [[s.UnregisterComponentsTimeLimit:1.0]]
[2020.12.14-13.40.10:616][  0]LogConfig: Setting CVar [[s.LevelStreamingComponentsUnregistrationGranularity:5]]
[2020.12.14-13.40.10:616][  0]LogConfig: Setting CVar [[s.FlushStreamingOnExit:1]]
[2020.12.14-13.40.10:616][  0]LogConfig: Applying CVar settings from Section [/Script/Engine.GarbageCollectionSettings] File [D:/Unreal Projects/ArenaBattle/Saved/Config/Windows/Engine.ini]
[2020.12.14-13.40.10:617][  0]LogConfig: Setting CVar [[gc.MaxObjectsNotConsideredByGC:1]]
[2020.12.14-13.40.10:617][  0]LogConfig: Setting CVar [[gc.SizeOfPermanentObjectPool:0]]
[2020.12.14-13.40.10:617][  0]LogConfig: Setting CVar [[gc.FlushStreamingOnGC:0]]
[2020.12.14-13.40.10:617][  0]LogConfig: Setting CVar [[gc.NumRetriesBeforeForcingGC:10]]
[2020.12.14-13.40.10:617][  0]LogConfig: Setting CVar [[gc.AllowParallelGC:1]]
[2020.12.14-13.40.10:617][  0]LogConfig: Setting CVar [[gc.TimeBetweenPurgingPendingKillObjects:61.1]]
[2020.12.14-13.40.10:617][  0]LogConfig: Setting CVar [[gc.MaxObjectsInEditor:25165824]]
[2020.12.14-13.40.10:617][  0]LogConfig: Setting CVar [[gc.IncrementalBeginDestroyEnabled:1]]
[2020.12.14-13.40.10:617][  0]LogConfig: Setting CVar [[gc.CreateGCClusters:1]]
[2020.12.14-13.40.10:617][  0]LogConfig: Setting CVar [[gc.MinGCClusterSize:5]]
[2020.12.14-13.40.10:617][  0]LogConfig: Setting CVar [[gc.ActorClusteringEnabled:0]]
[2020.12.14-13.40.10:617][  0]LogConfig: Setting CVar [[gc.BlueprintClusteringEnabled:0]]
[2020.12.14-13.40.10:617][  0]LogConfig: Setting CVar [[gc.UseDisregardForGCOnDedicatedServers:0]]
[2020.12.14-13.40.10:617][  0]LogConfig: Applying CVar settings from Section [/Script/Engine.NetworkSettings] File [D:/Unreal Projects/ArenaBattle/Saved/Config/Windows/Engine.ini]
[2020.12.14-13.40.10:617][  0]LogConfig: Applying CVar settings from Section [/Script/UnrealEd.CookerSettings] File [D:/Unreal Projects/ArenaBattle/Saved/Config/Windows/Engine.ini]
[2020.12.14-13.40.10:623][  0]LogConfig: Applying CVar settings from Section [ViewDistanceQuality@3] File [D:/Unreal Projects/ArenaBattle/Saved/Config/Windows/Scalability.ini]
[2020.12.14-13.40.10:623][  0]LogConfig: Setting CVar [[r.SkeletalMeshLODBias:0]]
[2020.12.14-13.40.10:623][  0]LogConfig: Setting CVar [[r.ViewDistanceScale:1.0]]
[2020.12.14-13.40.10:623][  0]LogConfig: Applying CVar settings from Section [AntiAliasingQuality@3] File [D:/Unreal Projects/ArenaBattle/Saved/Config/Windows/Scalability.ini]
[2020.12.14-13.40.10:623][  0]LogConfig: Setting CVar [[r.PostProcessAAQuality:4]]
[2020.12.14-13.40.10:623][  0]LogConfig: Applying CVar settings from Section [ShadowQuality@3] File [D:/Unreal Projects/ArenaBattle/Saved/Config/Windows/Scalability.ini]
[2020.12.14-13.40.10:623][  0]LogConfig: Setting CVar [[r.LightFunctionQuality:1]]
[2020.12.14-13.40.10:623][  0]LogConfig: Setting CVar [[r.ShadowQuality:5]]
[2020.12.14-13.40.10:623][  0]LogConfig: Setting CVar [[r.Shadow.CSM.MaxCascades:10]]
[2020.12.14-13.40.10:623][  0]LogConfig: Setting CVar [[r.Shadow.MaxResolution:2048]]
[2020.12.14-13.40.10:623][  0]LogConfig: Setting CVar [[r.Shadow.MaxCSMResolution:2048]]
[2020.12.14-13.40.10:623][  0]LogConfig: Setting CVar [[r.Shadow.RadiusThreshold:0.01]]
[2020.12.14-13.40.10:623][  0]LogConfig: Setting CVar [[r.Shadow.DistanceScale:1.0]]
[2020.12.14-13.40.10:623][  0]LogConfig: Setting CVar [[r.Shadow.CSM.TransitionScale:1.0]]
[2020.12.14-13.40.10:623][  0]LogConfig: Setting CVar [[r.Shadow.PreShadowResolutionFactor:1.0]]
[2020.12.14-13.40.10:623][  0]LogConfig: Setting CVar [[r.DistanceFieldShadowing:1]]
[2020.12.14-13.40.10:623][  0]LogConfig: Setting CVar [[r.DistanceFieldAO:1]]
[2020.12.14-13.40.10:623][  0]LogConfig: Setting CVar [[r.AOQuality:2]]
[2020.12.14-13.40.10:623][  0]LogConfig: Setting CVar [[r.VolumetricFog:1]]
[2020.12.14-13.40.10:623][  0]LogConfig: Setting CVar [[r.VolumetricFog.GridPixelSize:8]]
[2020.12.14-13.40.10:623][  0]LogConfig: Setting CVar [[r.VolumetricFog.GridSizeZ:128]]
[2020.12.14-13.40.10:623][  0]LogConfig: Setting CVar [[r.VolumetricFog.HistoryMissSupersampleCount:4]]
[2020.12.14-13.40.10:623][  0]LogConfig: Setting CVar [[r.LightMaxDrawDistanceScale:1]]
[2020.12.14-13.40.10:623][  0]LogConfig: Setting CVar [[r.CapsuleShadows:1]]
[2020.12.14-13.40.10:623][  0]LogConfig: Applying CVar settings from Section [PostProcessQuality@3] File [D:/Unreal Projects/ArenaBattle/Saved/Config/Windows/Scalability.ini]
[2020.12.14-13.40.10:623][  0]LogConfig: Setting CVar [[r.MotionBlurQuality:4]]
[2020.12.14-13.40.10:623][  0]LogConfig: Setting CVar [[r.AmbientOcclusionMipLevelFactor:0.4]]
[2020.12.14-13.40.10:623][  0]LogConfig: Setting CVar [[r.AmbientOcclusionMaxQuality:100]]
[2020.12.14-13.40.10:623][  0]LogConfig: Setting CVar [[r.AmbientOcclusionLevels:-1]]
[2020.12.14-13.40.10:623][  0]LogConfig: Setting CVar [[r.AmbientOcclusionRadiusScale:1.0]]
[2020.12.14-13.40.10:623][  0]LogConfig: Setting CVar [[r.DepthOfFieldQuality:2]]
[2020.12.14-13.40.10:623][  0]LogConfig: Setting CVar [[r.RenderTargetPoolMin:400]]
[2020.12.14-13.40.10:623][  0]LogConfig: Setting CVar [[r.LensFlareQuality:2]]
[2020.12.14-13.40.10:623][  0]LogConfig: Setting CVar [[r.SceneColorFringeQuality:1]]
[2020.12.14-13.40.10:623][  0]LogConfig: Setting CVar [[r.EyeAdaptationQuality:2]]
[2020.12.14-13.40.10:623][  0]LogConfig: Setting CVar [[r.BloomQuality:5]]
[2020.12.14-13.40.10:623][  0]LogConfig: Setting CVar [[r.FastBlurThreshold:100]]
[2020.12.14-13.40.10:623][  0]LogConfig: Setting CVar [[r.Upscale.Quality:3]]
[2020.12.14-13.40.10:623][  0]LogConfig: Setting CVar [[r.Tonemapper.GrainQuantization:1]]
[2020.12.14-13.40.10:623][  0]LogConfig: Setting CVar [[r.LightShaftQuality:1]]
[2020.12.14-13.40.10:623][  0]LogConfig: Setting CVar [[r.Filter.SizeScale:1]]
[2020.12.14-13.40.10:623][  0]LogConfig: Setting CVar [[r.Tonemapper.Quality:5]]
[2020.12.14-13.40.10:623][  0]LogConfig: Setting CVar [[r.DOF.Gather.AccumulatorQuality:1        ; higher gathering accumulator quality]]
[2020.12.14-13.40.10:623][  0]LogConfig: Setting CVar [[r.DOF.Gather.PostfilterMethod:1          ; Median3x3 postfilering method]]
[2020.12.14-13.40.10:623][  0]LogConfig: Setting CVar [[r.DOF.Gather.EnableBokehSettings:0       ; no bokeh simulation when gathering]]
[2020.12.14-13.40.10:623][  0]LogConfig: Setting CVar [[r.DOF.Gather.RingCount:4                 ; medium number of samples when gathering]]
[2020.12.14-13.40.10:623][  0]LogConfig: Setting CVar [[r.DOF.Scatter.ForegroundCompositing:1    ; additive foreground scattering]]
[2020.12.14-13.40.10:623][  0]LogConfig: Setting CVar [[r.DOF.Scatter.BackgroundCompositing:2    ; additive background scattering]]
[2020.12.14-13.40.10:623][  0]LogConfig: Setting CVar [[r.DOF.Scatter.EnableBokehSettings:1      ; bokeh simulation when scattering]]
[2020.12.14-13.40.10:623][  0]LogConfig: Setting CVar [[r.DOF.Scatter.MaxSpriteRatio:0.1         ; only a maximum of 10% of scattered bokeh]]
[2020.12.14-13.40.10:623][  0]LogConfig: Setting CVar [[r.DOF.Recombine.Quality:1                ; cheap slight out of focus]]
[2020.12.14-13.40.10:623][  0]LogConfig: Setting CVar [[r.DOF.Recombine.EnableBokehSettings:0    ; no bokeh simulation on slight out of focus]]
[2020.12.14-13.40.10:623][  0]LogConfig: Setting CVar [[r.DOF.TemporalAAQuality:1                ; more stable temporal accumulation]]
[2020.12.14-13.40.10:623][  0]LogConfig: Setting CVar [[r.DOF.Kernel.MaxForegroundRadius:0.025]]
[2020.12.14-13.40.10:623][  0]LogConfig: Setting CVar [[r.DOF.Kernel.MaxBackgroundRadius:0.025]]
[2020.12.14-13.40.10:623][  0]LogConfig: Applying CVar settings from Section [TextureQuality@3] File [D:/Unreal Projects/ArenaBattle/Saved/Config/Windows/Scalability.ini]
[2020.12.14-13.40.10:623][  0]LogConfig: Setting CVar [[r.Streaming.MipBias:0]]
[2020.12.14-13.40.10:623][  0]LogConfig: Setting CVar [[r.Streaming.AmortizeCPUToGPUCopy:0]]
[2020.12.14-13.40.10:623][  0]LogConfig: Setting CVar [[r.Streaming.MaxNumTexturesToStreamPerFrame:0]]
[2020.12.14-13.40.10:623][  0]LogConfig: Setting CVar [[r.Streaming.Boost:1]]
[2020.12.14-13.40.10:623][  0]LogConfig: Setting CVar [[r.MaxAnisotropy:8]]
[2020.12.14-13.40.10:623][  0]LogConfig: Setting CVar [[r.VT.MaxAnisotropy:8]]
[2020.12.14-13.40.10:623][  0]LogConfig: Setting CVar [[r.Streaming.LimitPoolSizeToVRAM:0]]
[2020.12.14-13.40.10:623][  0]LogConfig: Setting CVar [[r.Streaming.PoolSize:1000]]
[2020.12.14-13.40.10:623][  0]LogConfig: Setting CVar [[r.Streaming.MaxEffectiveScreenSize:0]]
[2020.12.14-13.40.10:623][  0]LogConfig: Applying CVar settings from Section [EffectsQuality@3] File [D:/Unreal Projects/ArenaBattle/Saved/Config/Windows/Scalability.ini]
[2020.12.14-13.40.10:623][  0]LogConfig: Setting CVar [[r.TranslucencyLightingVolumeDim:64]]
[2020.12.14-13.40.10:623][  0]LogConfig: Setting CVar [[r.RefractionQuality:2]]
[2020.12.14-13.40.10:623][  0]LogConfig: Setting CVar [[r.SSR.Quality:3]]
[2020.12.14-13.40.10:623][  0]LogConfig: Setting CVar [[r.SSR.HalfResSceneColor:0]]
[2020.12.14-13.40.10:623][  0]LogConfig: Setting CVar [[r.SceneColorFormat:4]]
[2020.12.14-13.40.10:623][  0]LogConfig: Setting CVar [[r.DetailMode:2]]
[2020.12.14-13.40.10:624][  0]LogConfig: Setting CVar [[r.TranslucencyVolumeBlur:1]]
[2020.12.14-13.40.10:624][  0]LogConfig: Setting CVar [[r.MaterialQualityLevel:1 ; High quality]]
[2020.12.14-13.40.10:624][  0]LogConfig: Setting CVar [[r.SSS.Scale:1]]
[2020.12.14-13.40.10:624][  0]LogConfig: Setting CVar [[r.SSS.SampleSet:2]]
[2020.12.14-13.40.10:624][  0]LogConfig: Setting CVar [[r.SSS.Quality:1]]
[2020.12.14-13.40.10:624][  0]LogConfig: Setting CVar [[r.SSS.HalfRes:0]]
[2020.12.14-13.40.10:624][  0]LogConfig: Setting CVar [[r.SSGI.Quality:3]]
[2020.12.14-13.40.10:624][  0]LogConfig: Setting CVar [[r.EmitterSpawnRateScale:1.0]]
[2020.12.14-13.40.10:624][  0]LogConfig: Setting CVar [[r.ParticleLightQuality:2]]
[2020.12.14-13.40.10:624][  0]LogConfig: Setting CVar [[r.SkyAtmosphere.AerialPerspectiveLUT.FastApplyOnOpaque:1 ; Always have FastSkyLUT 1 in this case to avoid wrong sky]]
[2020.12.14-13.40.10:624][  0]LogConfig: Setting CVar [[r.SkyAtmosphere.AerialPerspectiveLUT.SampleCountPerSlice:1]]
[2020.12.14-13.40.10:624][  0]LogConfig: Setting CVar [[r.SkyAtmosphere.AerialPerspectiveLUT.DepthResolution:16.0]]
[2020.12.14-13.40.10:624][  0]LogConfig: Setting CVar [[r.SkyAtmosphere.FastSkyLUT:1]]
[2020.12.14-13.40.10:624][  0]LogConfig: Setting CVar [[r.SkyAtmosphere.FastSkyLUT.SampleCountMin:4.0]]
[2020.12.14-13.40.10:624][  0]LogConfig: Setting CVar [[r.SkyAtmosphere.FastSkyLUT.SampleCountMax:32.0]]
[2020.12.14-13.40.10:624][  0]LogConfig: Setting CVar [[r.SkyAtmosphere.SampleCountMin:4.0]]
[2020.12.14-13.40.10:624][  0]LogConfig: Setting CVar [[r.SkyAtmosphere.SampleCountMax:32.0]]
[2020.12.14-13.40.10:624][  0]LogConfig: Setting CVar [[r.SkyAtmosphere.TransmittanceLUT.UseSmallFormat:0]]
[2020.12.14-13.40.10:624][  0]LogConfig: Setting CVar [[r.SkyAtmosphere.TransmittanceLUT.SampleCount:10.0]]
[2020.12.14-13.40.10:624][  0]LogConfig: Setting CVar [[r.SkyAtmosphere.MultiScatteringLUT.SampleCount:15.0]]
[2020.12.14-13.40.10:624][  0]LogConfig: Applying CVar settings from Section [FoliageQuality@3] File [D:/Unreal Projects/ArenaBattle/Saved/Config/Windows/Scalability.ini]
[2020.12.14-13.40.10:624][  0]LogConfig: Setting CVar [[foliage.DensityScale:1.0]]
[2020.12.14-13.40.10:624][  0]LogConfig: Setting CVar [[grass.DensityScale:1.0]]
[2020.12.14-13.40.10:624][  0]LogConfig: Applying CVar settings from Section [ShadingQuality@3] File [D:/Unreal Projects/ArenaBattle/Saved/Config/Windows/Scalability.ini]
[2020.12.14-13.40.10:624][  0]LogConfig: Setting CVar [[r.HairStrands.SkyLighting.SampleCount:16]]
[2020.12.14-13.40.10:624][  0]LogConfig: Setting CVar [[r.HairStrands.SkyLighting.JitterIntegration:0]]
[2020.12.14-13.40.10:624][  0]LogConfig: Setting CVar [[r.HairStrands.SkyAO.SampleCount:16]]
[2020.12.14-13.40.10:624][  0]LogConfig: Setting CVar [[r.HairStrands.DeepShadow.SuperSampling:0]]
[2020.12.14-13.40.10:624][  0]LogConfig: Setting CVar [[r.HairStrands.VisibilityPPLL:0]]
[2020.12.14-13.40.10:624][  0]LogConfig: Setting CVar [[r.HairStrands.RasterizationScale:0.5]]
[2020.12.14-13.40.10:624][  0]LogConfig: Setting CVar [[r.HairStrands.VelocityRasterizationScale:1]]
[2020.12.14-13.40.10:624][  0]LogInit: Selected Device Profile: [Windows]
[2020.12.14-13.40.10:624][  0]LogInit: Applying CVar settings loaded from the selected device profile: [Windows]
[2020.12.14-13.40.10:625][  0]LogHAL: Display: Platform has ~ 16 GB [17068896256 / 17179869184 / 16], which maps to Larger [LargestMinGB=32, LargerMinGB=12, DefaultMinGB=8, SmallerMinGB=6, SmallestMinGB=0)
[2020.12.14-13.40.10:625][  0]LogInit: Going up to parent DeviceProfile []
[2020.12.14-13.40.10:625][  0]LogConfig: Applying CVar settings from Section [ViewDistanceQuality@3] File [D:/Unreal Projects/ArenaBattle/Saved/Config/Windows/Scalability.ini]
[2020.12.14-13.40.10:625][  0]LogConfig: Setting CVar [[r.SkeletalMeshLODBias:0]]
[2020.12.14-13.40.10:625][  0]LogConfig: Setting CVar [[r.ViewDistanceScale:1.0]]
[2020.12.14-13.40.10:625][  0]LogConfig: Applying CVar settings from Section [AntiAliasingQuality@3] File [D:/Unreal Projects/ArenaBattle/Saved/Config/Windows/Scalability.ini]
[2020.12.14-13.40.10:625][  0]LogConfig: Setting CVar [[r.PostProcessAAQuality:4]]
[2020.12.14-13.40.10:625][  0]LogConfig: Applying CVar settings from Section [ShadowQuality@3] File [D:/Unreal Projects/ArenaBattle/Saved/Config/Windows/Scalability.ini]
[2020.12.14-13.40.10:625][  0]LogConfig: Setting CVar [[r.LightFunctionQuality:1]]
[2020.12.14-13.40.10:625][  0]LogConfig: Setting CVar [[r.ShadowQuality:5]]
[2020.12.14-13.40.10:625][  0]LogConfig: Setting CVar [[r.Shadow.CSM.MaxCascades:10]]
[2020.12.14-13.40.10:625][  0]LogConfig: Setting CVar [[r.Shadow.MaxResolution:2048]]
[2020.12.14-13.40.10:625][  0]LogConfig: Setting CVar [[r.Shadow.MaxCSMResolution:2048]]
[2020.12.14-13.40.10:625][  0]LogConfig: Setting CVar [[r.Shadow.RadiusThreshold:0.01]]
[2020.12.14-13.40.10:625][  0]LogConfig: Setting CVar [[r.Shadow.DistanceScale:1.0]]
[2020.12.14-13.40.10:625][  0]LogConfig: Setting CVar [[r.Shadow.CSM.TransitionScale:1.0]]
[2020.12.14-13.40.10:625][  0]LogConfig: Setting CVar [[r.Shadow.PreShadowResolutionFactor:1.0]]
[2020.12.14-13.40.10:625][  0]LogConfig: Setting CVar [[r.DistanceFieldShadowing:1]]
[2020.12.14-13.40.10:625][  0]LogConfig: Setting CVar [[r.DistanceFieldAO:1]]
[2020.12.14-13.40.10:625][  0]LogConfig: Setting CVar [[r.AOQuality:2]]
[2020.12.14-13.40.10:625][  0]LogConfig: Setting CVar [[r.VolumetricFog:1]]
[2020.12.14-13.40.10:625][  0]LogConfig: Setting CVar [[r.VolumetricFog.GridPixelSize:8]]
[2020.12.14-13.40.10:625][  0]LogConfig: Setting CVar [[r.VolumetricFog.GridSizeZ:128]]
[2020.12.14-13.40.10:625][  0]LogConfig: Setting CVar [[r.VolumetricFog.HistoryMissSupersampleCount:4]]
[2020.12.14-13.40.10:625][  0]LogConfig: Setting CVar [[r.LightMaxDrawDistanceScale:1]]
[2020.12.14-13.40.10:625][  0]LogConfig: Setting CVar [[r.CapsuleShadows:1]]
[2020.12.14-13.40.10:625][  0]LogConfig: Applying CVar settings from Section [PostProcessQuality@3] File [D:/Unreal Projects/ArenaBattle/Saved/Config/Windows/Scalability.ini]
[2020.12.14-13.40.10:625][  0]LogConfig: Setting CVar [[r.MotionBlurQuality:4]]
[2020.12.14-13.40.10:625][  0]LogConfig: Setting CVar [[r.AmbientOcclusionMipLevelFactor:0.4]]
[2020.12.14-13.40.10:625][  0]LogConfig: Setting CVar [[r.AmbientOcclusionMaxQuality:100]]
[2020.12.14-13.40.10:625][  0]LogConfig: Setting CVar [[r.AmbientOcclusionLevels:-1]]
[2020.12.14-13.40.10:625][  0]LogConfig: Setting CVar [[r.AmbientOcclusionRadiusScale:1.0]]
[2020.12.14-13.40.10:625][  0]LogConfig: Setting CVar [[r.DepthOfFieldQuality:2]]
[2020.12.14-13.40.10:625][  0]LogConfig: Setting CVar [[r.RenderTargetPoolMin:400]]
[2020.12.14-13.40.10:625][  0]LogConfig: Setting CVar [[r.LensFlareQuality:2]]
[2020.12.14-13.40.10:625][  0]LogConfig: Setting CVar [[r.SceneColorFringeQuality:1]]
[2020.12.14-13.40.10:625][  0]LogConfig: Setting CVar [[r.EyeAdaptationQuality:2]]
[2020.12.14-13.40.10:625][  0]LogConfig: Setting CVar [[r.BloomQuality:5]]
[2020.12.14-13.40.10:625][  0]LogConfig: Setting CVar [[r.FastBlurThreshold:100]]
[2020.12.14-13.40.10:625][  0]LogConfig: Setting CVar [[r.Upscale.Quality:3]]
[2020.12.14-13.40.10:625][  0]LogConfig: Setting CVar [[r.Tonemapper.GrainQuantization:1]]
[2020.12.14-13.40.10:625][  0]LogConfig: Setting CVar [[r.LightShaftQuality:1]]
[2020.12.14-13.40.10:625][  0]LogConfig: Setting CVar [[r.Filter.SizeScale:1]]
[2020.12.14-13.40.10:625][  0]LogConfig: Setting CVar [[r.Tonemapper.Quality:5]]
[2020.12.14-13.40.10:625][  0]LogConfig: Setting CVar [[r.DOF.Gather.AccumulatorQuality:1        ; higher gathering accumulator quality]]
[2020.12.14-13.40.10:625][  0]LogConfig: Setting CVar [[r.DOF.Gather.PostfilterMethod:1          ; Median3x3 postfilering method]]
[2020.12.14-13.40.10:625][  0]LogConfig: Setting CVar [[r.DOF.Gather.EnableBokehSettings:0       ; no bokeh simulation when gathering]]
[2020.12.14-13.40.10:625][  0]LogConfig: Setting CVar [[r.DOF.Gather.RingCount:4                 ; medium number of samples when gathering]]
[2020.12.14-13.40.10:625][  0]LogConfig: Setting CVar [[r.DOF.Scatter.ForegroundCompositing:1    ; additive foreground scattering]]
[2020.12.14-13.40.10:625][  0]LogConfig: Setting CVar [[r.DOF.Scatter.BackgroundCompositing:2    ; additive background scattering]]
[2020.12.14-13.40.10:625][  0]LogConfig: Setting CVar [[r.DOF.Scatter.EnableBokehSettings:1      ; bokeh simulation when scattering]]
[2020.12.14-13.40.10:625][  0]LogConfig: Setting CVar [[r.DOF.Scatter.MaxSpriteRatio:0.1         ; only a maximum of 10% of scattered bokeh]]
[2020.12.14-13.40.10:625][  0]LogConfig: Setting CVar [[r.DOF.Recombine.Quality:1                ; cheap slight out of focus]]
[2020.12.14-13.40.10:625][  0]LogConfig: Setting CVar [[r.DOF.Recombine.EnableBokehSettings:0    ; no bokeh simulation on slight out of focus]]
[2020.12.14-13.40.10:625][  0]LogConfig: Setting CVar [[r.DOF.TemporalAAQuality:1                ; more stable temporal accumulation]]
[2020.12.14-13.40.10:625][  0]LogConfig: Setting CVar [[r.DOF.Kernel.MaxForegroundRadius:0.025]]
[2020.12.14-13.40.10:625][  0]LogConfig: Setting CVar [[r.DOF.Kernel.MaxBackgroundRadius:0.025]]
[2020.12.14-13.40.10:625][  0]LogConfig: Applying CVar settings from Section [TextureQuality@3] File [D:/Unreal Projects/ArenaBattle/Saved/Config/Windows/Scalability.ini]
[2020.12.14-13.40.10:625][  0]LogConfig: Setting CVar [[r.Streaming.MipBias:0]]
[2020.12.14-13.40.10:625][  0]LogConfig: Setting CVar [[r.Streaming.AmortizeCPUToGPUCopy:0]]
[2020.12.14-13.40.10:625][  0]LogConfig: Setting CVar [[r.Streaming.MaxNumTexturesToStreamPerFrame:0]]
[2020.12.14-13.40.10:625][  0]LogConfig: Setting CVar [[r.Streaming.Boost:1]]
[2020.12.14-13.40.10:625][  0]LogConfig: Setting CVar [[r.MaxAnisotropy:8]]
[2020.12.14-13.40.10:625][  0]LogConfig: Setting CVar [[r.VT.MaxAnisotropy:8]]
[2020.12.14-13.40.10:625][  0]LogConfig: Setting CVar [[r.Streaming.LimitPoolSizeToVRAM:0]]
[2020.12.14-13.40.10:625][  0]LogConfig: Setting CVar [[r.Streaming.PoolSize:1000]]
[2020.12.14-13.40.10:625][  0]LogConfig: Setting CVar [[r.Streaming.MaxEffectiveScreenSize:0]]
[2020.12.14-13.40.10:625][  0]LogConfig: Applying CVar settings from Section [EffectsQuality@3] File [D:/Unreal Projects/ArenaBattle/Saved/Config/Windows/Scalability.ini]
[2020.12.14-13.40.10:625][  0]LogConfig: Setting CVar [[r.TranslucencyLightingVolumeDim:64]]
[2020.12.14-13.40.10:625][  0]LogConfig: Setting CVar [[r.RefractionQuality:2]]
[2020.12.14-13.40.10:625][  0]LogConfig: Setting CVar [[r.SSR.Quality:3]]
[2020.12.14-13.40.10:625][  0]LogConfig: Setting CVar [[r.SSR.HalfResSceneColor:0]]
[2020.12.14-13.40.10:625][  0]LogConfig: Setting CVar [[r.SceneColorFormat:4]]
[2020.12.14-13.40.10:625][  0]LogConfig: Setting CVar [[r.DetailMode:2]]
[2020.12.14-13.40.10:625][  0]LogConfig: Setting CVar [[r.TranslucencyVolumeBlur:1]]
[2020.12.14-13.40.10:625][  0]LogConfig: Setting CVar [[r.MaterialQualityLevel:1 ; High quality]]
[2020.12.14-13.40.10:625][  0]LogConfig: Setting CVar [[r.SSS.Scale:1]]
[2020.12.14-13.40.10:625][  0]LogConfig: Setting CVar [[r.SSS.SampleSet:2]]
[2020.12.14-13.40.10:625][  0]LogConfig: Setting CVar [[r.SSS.Quality:1]]
[2020.12.14-13.40.10:625][  0]LogConfig: Setting CVar [[r.SSS.HalfRes:0]]
[2020.12.14-13.40.10:625][  0]LogConfig: Setting CVar [[r.SSGI.Quality:3]]
[2020.12.14-13.40.10:625][  0]LogConfig: Setting CVar [[r.EmitterSpawnRateScale:1.0]]
[2020.12.14-13.40.10:625][  0]LogConfig: Setting CVar [[r.ParticleLightQuality:2]]
[2020.12.14-13.40.10:625][  0]LogConfig: Setting CVar [[r.SkyAtmosphere.AerialPerspectiveLUT.FastApplyOnOpaque:1 ; Always have FastSkyLUT 1 in this case to avoid wrong sky]]
[2020.12.14-13.40.10:625][  0]LogConfig: Setting CVar [[r.SkyAtmosphere.AerialPerspectiveLUT.SampleCountPerSlice:1]]
[2020.12.14-13.40.10:625][  0]LogConfig: Setting CVar [[r.SkyAtmosphere.AerialPerspectiveLUT.DepthResolution:16.0]]
[2020.12.14-13.40.10:626][  0]LogConfig: Setting CVar [[r.SkyAtmosphere.FastSkyLUT:1]]
[2020.12.14-13.40.10:626][  0]LogConfig: Setting CVar [[r.SkyAtmosphere.FastSkyLUT.SampleCountMin:4.0]]
[2020.12.14-13.40.10:626][  0]LogConfig: Setting CVar [[r.SkyAtmosphere.FastSkyLUT.SampleCountMax:32.0]]
[2020.12.14-13.40.10:626][  0]LogConfig: Setting CVar [[r.SkyAtmosphere.SampleCountMin:4.0]]
[2020.12.14-13.40.10:626][  0]LogConfig: Setting CVar [[r.SkyAtmosphere.SampleCountMax:32.0]]
[2020.12.14-13.40.10:626][  0]LogConfig: Setting CVar [[r.SkyAtmosphere.TransmittanceLUT.UseSmallFormat:0]]
[2020.12.14-13.40.10:626][  0]LogConfig: Setting CVar [[r.SkyAtmosphere.TransmittanceLUT.SampleCount:10.0]]
[2020.12.14-13.40.10:626][  0]LogConfig: Setting CVar [[r.SkyAtmosphere.MultiScatteringLUT.SampleCount:15.0]]
[2020.12.14-13.40.10:626][  0]LogConfig: Applying CVar settings from Section [FoliageQuality@3] File [D:/Unreal Projects/ArenaBattle/Saved/Config/Windows/Scalability.ini]
[2020.12.14-13.40.10:626][  0]LogConfig: Setting CVar [[foliage.DensityScale:1.0]]
[2020.12.14-13.40.10:626][  0]LogConfig: Setting CVar [[grass.DensityScale:1.0]]
[2020.12.14-13.40.10:626][  0]LogConfig: Applying CVar settings from Section [ShadingQuality@3] File [D:/Unreal Projects/ArenaBattle/Saved/Config/Windows/Scalability.ini]
[2020.12.14-13.40.10:626][  0]LogConfig: Setting CVar [[r.HairStrands.SkyLighting.SampleCount:16]]
[2020.12.14-13.40.10:626][  0]LogConfig: Setting CVar [[r.HairStrands.SkyLighting.JitterIntegration:0]]
[2020.12.14-13.40.10:626][  0]LogConfig: Setting CVar [[r.HairStrands.SkyAO.SampleCount:16]]
[2020.12.14-13.40.10:626][  0]LogConfig: Setting CVar [[r.HairStrands.DeepShadow.SuperSampling:0]]
[2020.12.14-13.40.10:626][  0]LogConfig: Setting CVar [[r.HairStrands.VisibilityPPLL:0]]
[2020.12.14-13.40.10:626][  0]LogConfig: Setting CVar [[r.HairStrands.RasterizationScale:0.5]]
[2020.12.14-13.40.10:626][  0]LogConfig: Setting CVar [[r.HairStrands.VelocityRasterizationScale:1]]
[2020.12.14-13.40.10:626][  0]LogConfig: Applying CVar settings from Section [Startup] File [../../../Engine/Config/ConsoleVariables.ini]
[2020.12.14-13.40.10:626][  0]LogConfig: Setting CVar [[net.UseAdaptiveNetUpdateFrequency:0]]
[2020.12.14-13.40.10:626][  0]LogConfig: Setting CVar [[p.chaos.AllowCreatePhysxBodies:1]]
[2020.12.14-13.40.10:626][  0]LogConfig: Setting CVar [[fx.SkipVectorVMBackendOptimizations:1]]
[2020.12.14-13.40.10:626][  0]LogConfig: Applying CVar settings from Section [ConsoleVariables] File [D:/Unreal Projects/ArenaBattle/Saved/Config/Windows/Engine.ini]
[2020.12.14-13.40.10:628][  0]LogInit: Computer: DESKTOP-08SV3N9
[2020.12.14-13.40.10:628][  0]LogInit: User: ljslo
[2020.12.14-13.40.10:628][  0]LogInit: CPU Page size=4096, Cores=8
[2020.12.14-13.40.10:628][  0]LogInit: High frequency timer resolution =10.000000 MHz
[2020.12.14-13.40.10:628][  0]LogMemory: Memory total: Physical=15.9GB (16GB approx)
[2020.12.14-13.40.10:628][  0]LogMemory: Platform Memory Stats for Windows
[2020.12.14-13.40.10:628][  0]LogMemory: Process Physical Memory: 116.87 MB used, 116.87 MB peak
[2020.12.14-13.40.10:628][  0]LogMemory: Process Virtual Memory: 108.11 MB used, 108.11 MB peak
[2020.12.14-13.40.10:628][  0]LogMemory: Physical Memory: 6429.36 MB used,  9848.80 MB free, 16278.17 MB total
[2020.12.14-13.40.10:628][  0]LogMemory: Virtual Memory: 5196.97 MB used,  134212528.00 MB free, 134217728.00 MB total
[2020.12.14-13.40.10:633][  0]LogWindows: WindowsPlatformFeatures enabled
[2020.12.14-13.40.10:760][  0]LogInit: Physics initialised using underlying interface: PhysX
[2020.12.14-13.40.10:762][  0]LogInit: Using OS detected language (ko-KR).
[2020.12.14-13.40.10:762][  0]LogInit: Using OS detected locale (ko-KR).
[2020.12.14-13.40.10:781][  0]LogTextLocalizationManager: No specific localization for 'ko-KR' exists, so the 'ko' localization will be used.
[2020.12.14-13.40.10:989][  0]LogInit: Setting process to per monitor DPI aware
[2020.12.14-13.40.11:130][  0]LogSlate: New Slate User Created.  User Index 0, Is Virtual User: 0
[2020.12.14-13.40.11:130][  0]LogSlate: Slate User Registered.  User Index 0, Is Virtual User: 0
[2020.12.14-13.40.13:548][  0]LogHMD: Failed to initialize OpenVR with code 110
[2020.12.14-13.40.13:548][  0]LogD3D11RHI: D3D11 min allowed feature level: 11_0
[2020.12.14-13.40.13:548][  0]LogD3D11RHI: D3D11 max allowed feature level: 11_0
[2020.12.14-13.40.13:548][  0]LogD3D11RHI: D3D11 adapters:
[2020.12.14-13.40.13:745][  0]LogD3D11RHI:    0. 'AMD Radeon Pro 5500M' (Feature Level 11_0)
[2020.12.14-13.40.13:745][  0]LogD3D11RHI:       4056/0/8139 MB DedicatedVideo/DedicatedSystem/SharedSystem, Outputs:2, VendorId:0x1002
[2020.12.14-13.40.13:748][  0]LogD3D11RHI:    1. 'Microsoft Basic Render Driver' (Feature Level 11_0)
[2020.12.14-13.40.13:748][  0]LogD3D11RHI:       0/0/8139 MB DedicatedVideo/DedicatedSystem/SharedSystem, Outputs:0, VendorId:0x1414
[2020.12.14-13.40.13:748][  0]LogD3D11RHI: Chosen D3D11 Adapter: 0
[2020.12.14-13.40.13:753][  0]LogD3D11RHI: Creating new Direct3DDevice
[2020.12.14-13.40.13:754][  0]LogD3D11RHI:     GPU DeviceId: 0x7340 (for the marketing name, search the web for "GPU Device Id")
[2020.12.14-13.40.13:754][  0]LogWindows: EnumDisplayDevices:
[2020.12.14-13.40.13:754][  0]LogWindows:    0. 'AMD Radeon Pro 5500M' (P:0 D:1)
[2020.12.14-13.40.13:754][  0]LogWindows:    1. 'AMD Radeon Pro 5500M' (P:1 D:1)
[2020.12.14-13.40.13:754][  0]LogWindows:    2. 'AMD Radeon Pro 5500M' (P:0 D:0)
[2020.12.14-13.40.13:755][  0]LogWindows:    3. 'AMD Radeon Pro 5500M' (P:0 D:0)
[2020.12.14-13.40.13:755][  0]LogWindows:    4. 'AMD Radeon Pro 5500M' (P:0 D:0)
[2020.12.14-13.40.13:755][  0]LogWindows:    5. 'AMD Radeon Pro 5500M' (P:0 D:0)
[2020.12.14-13.40.13:755][  0]LogWindows:    6. 'AMD Radeon Pro 5500M' (P:0 D:0)
[2020.12.14-13.40.13:755][  0]LogWindows: DebugString: FoundDriverCount:7 
[2020.12.14-13.40.13:755][  0]LogD3D11RHI:     Adapter Name: AMD Radeon Pro 5500M
[2020.12.14-13.40.13:755][  0]LogD3D11RHI:   Driver Version: Adrenalin 19.30.03.05 (internal:26.20.13003.5002, unified:26.20.13003.5002)
[2020.12.14-13.40.13:755][  0]LogD3D11RHI:      Driver Date: 11-13-2019
[2020.12.14-13.40.13:755][  0]LogRHI: Texture pool is 2413 MB (70% of 3447 MB)
[2020.12.14-13.40.13:854][  0]LogD3D11RHI: RHI does not have support for 64 bit atomics
[2020.12.14-13.40.13:854][  0]LogD3D11RHI: Async texture creation enabled
[2020.12.14-13.40.13:854][  0]LogD3D11RHI: Array index from any shader is supported
[2020.12.14-13.40.13:875][  0]LogD3D11RHI: GPU Timing Frequency: 100.000000 (Debug: 2 1)
[2020.12.14-13.40.14:130][  0]LogTargetPlatformManager: Display: Loaded TargetPlatform 'AllDesktop'
[2020.12.14-13.40.14:149][  0]LogTargetPlatformManager: Display: Loaded TargetPlatform 'Android'
[2020.12.14-13.40.14:149][  0]LogTargetPlatformManager: Display: Loaded TargetPlatform 'Android_ASTC'
[2020.12.14-13.40.14:149][  0]LogTargetPlatformManager: Display: Loaded TargetPlatform 'Android_DXT'
[2020.12.14-13.40.14:149][  0]LogTargetPlatformManager: Display: Loaded TargetPlatform 'Android_ETC2'
[2020.12.14-13.40.14:149][  0]LogTargetPlatformManager: Display: Loaded TargetPlatform 'AndroidClient'
[2020.12.14-13.40.14:149][  0]LogTargetPlatformManager: Display: Loaded TargetPlatform 'Android_ASTCClient'
[2020.12.14-13.40.14:149][  0]LogTargetPlatformManager: Display: Loaded TargetPlatform 'Android_DXTClient'
[2020.12.14-13.40.14:149][  0]LogTargetPlatformManager: Display: Loaded TargetPlatform 'Android_ETC2Client'
[2020.12.14-13.40.14:149][  0]LogTargetPlatformManager: Display: Loaded TargetPlatform 'Android_Multi'
[2020.12.14-13.40.14:149][  0]LogTargetPlatformManager: Display: Loaded TargetPlatform 'Android_MultiClient'
[2020.12.14-13.40.14:181][  0]LogTargetPlatformManager: Display: Loaded TargetPlatform 'IOSClient'
[2020.12.14-13.40.14:181][  0]LogTargetPlatformManager: Display: Loaded TargetPlatform 'IOS'
[2020.12.14-13.40.14:199][  0]LogTargetPlatformManager: Display: Loaded TargetPlatform 'Linux'
[2020.12.14-13.40.14:209][  0]LogTargetPlatformManager: Display: Loaded TargetPlatform 'LinuxNoEditor'
[2020.12.14-13.40.14:217][  0]LogTargetPlatformManager: Display: Loaded TargetPlatform 'LinuxClient'
[2020.12.14-13.40.14:226][  0]LogTargetPlatformManager: Display: Loaded TargetPlatform 'LinuxServer'
[2020.12.14-13.40.14:234][  0]LogTargetPlatformManager: Display: Loaded TargetPlatform 'LinuxAArch64NoEditor'
[2020.12.14-13.40.14:243][  0]LogTargetPlatformManager: Display: Loaded TargetPlatform 'LinuxAArch64Client'
[2020.12.14-13.40.14:251][  0]LogTargetPlatformManager: Display: Loaded TargetPlatform 'LinuxAArch64Server'
[2020.12.14-13.40.14:279][  0]LogTargetPlatformManager: Display: Loaded TargetPlatform 'Lumin'
[2020.12.14-13.40.14:279][  0]LogTargetPlatformManager: Display: Loaded TargetPlatform 'LuminClient'
[2020.12.14-13.40.14:301][  0]LogTargetPlatformManager: Display: Loaded TargetPlatform 'TVOSClient'
[2020.12.14-13.40.14:301][  0]LogTargetPlatformManager: Display: Loaded TargetPlatform 'TVOS'
[2020.12.14-13.40.14:310][  0]LogTargetPlatformManager: Display: Loaded TargetPlatform 'WindowsNoEditor'
[2020.12.14-13.40.14:319][  0]LogTargetPlatformManager: Display: Loaded TargetPlatform 'Windows'
[2020.12.14-13.40.14:328][  0]LogTargetPlatformManager: Display: Loaded TargetPlatform 'WindowsClient'
[2020.12.14-13.40.14:336][  0]LogTargetPlatformManager: Display: Loaded TargetPlatform 'WindowsServer'
[2020.12.14-13.40.14:336][  0]LogTargetPlatformManager: Display: Building Assets For Windows
[2020.12.14-13.40.14:347][  0]LogAudioDebug: Display: Lib vorbis DLL was dynamically loaded.
[2020.12.14-13.40.14:515][  0]LogShaderCompilers: Guid format shader working directory is 15 characters bigger than the processId version (D:/Unreal Projects/ArenaBattle/Intermediate/Shaders/WorkingDirectory/19888/).
[2020.12.14-13.40.14:515][  0]LogShaderCompilers: Cleaned the shader compiler working directory 'C:/Users/ljslo/AppData/Local/Temp/UnrealShaderWorkingDir/4AE7E36947C3CC0639533DA422CCBE3A/'.
[2020.12.14-13.40.14:516][  0]LogXGEController: Cleaning working directory: C:/Users/ljslo/AppData/Local/Temp/UnrealXGEWorkingDir/
[2020.12.14-13.40.14:518][  0]LogShaderCompilers: Display: Using XGE Shader Compiler (Interception Interface).
[2020.12.14-13.40.17:463][  0]LogDerivedDataCache: Display: Max Cache Size: 512 MB
[2020.12.14-13.40.17:537][  0]LogDerivedDataCache: Loaded boot cache 0.07s 76MB C:/Users/ljslo/AppData/Local/UnrealEngine/4.25/DerivedDataCache/Boot.ddc.
[2020.12.14-13.40.17:537][  0]LogDerivedDataCache: Display: Loaded Boot cache: C:/Users/ljslo/AppData/Local/UnrealEngine/4.25/DerivedDataCache/Boot.ddc
[2020.12.14-13.40.17:537][  0]LogDerivedDataCache: FDerivedDataBackendGraph:  Pak pak cache file D:/Unreal Projects/ArenaBattle/DerivedDataCache/DDC.ddp not found, will not use a pak cache.
[2020.12.14-13.40.17:537][  0]LogDerivedDataCache: Unable to find inner node Pak for hierarchical cache Hierarchy.
[2020.12.14-13.40.17:537][  0]LogDerivedDataCache: FDerivedDataBackendGraph:  CompressedPak pak cache file D:/Unreal Projects/ArenaBattle/DerivedDataCache/Compressed.ddp not found, will not use a pak cache.
[2020.12.14-13.40.17:537][  0]LogDerivedDataCache: Unable to find inner node CompressedPak for hierarchical cache Hierarchy.
[2020.12.14-13.40.17:546][  0]LogDerivedDataCache: Display: Pak cache opened for reading ../../../Engine/DerivedDataCache/Compressed.ddp.
[2020.12.14-13.40.17:546][  0]LogDerivedDataCache: FDerivedDataBackendGraph:  EnterprisePak pak cache file ../../../Enterprise/DerivedDataCache/Compressed.ddp not found, will not use a pak cache.
[2020.12.14-13.40.17:546][  0]LogDerivedDataCache: Unable to find inner node EnterprisePak for hierarchical cache Hierarchy.
[2020.12.14-13.40.17:547][  0]LogDerivedDataCache: Using Local data cache path C:/Users/ljslo/AppData/Local/UnrealEngine/Common/DerivedDataCache: Writable
[2020.12.14-13.40.17:547][  0]LogDerivedDataCache: Shared data cache path not found in *engine.ini, will not use an Shared cache.
[2020.12.14-13.40.17:547][  0]LogDerivedDataCache: Unable to find inner node Shared for hierarchical cache Hierarchy.
[2020.12.14-13.40.17:589][  0]LogSlate: Using FreeType 2.10.0
[2020.12.14-13.40.17:598][  0]LogSlate: SlateFontServices - WITH_FREETYPE: 1, WITH_HARFBUZZ: 1
[2020.12.14-13.40.17:632][  0]LogAssetRegistry: FAssetRegistry took 0.0020 seconds to start up
[2020.12.14-13.40.17:984][  0]LogInit: Selected Device Profile: [Windows]
[2020.12.14-13.40.18:152][  0]LogMeshReduction: Using QuadricMeshReduction for automatic static mesh reduction
[2020.12.14-13.40.18:152][  0]LogMeshReduction: Using SimplygonMeshReduction for automatic skeletal mesh reduction
[2020.12.14-13.40.18:152][  0]LogMeshReduction: Using ProxyLODMeshReduction for automatic mesh merging
[2020.12.14-13.40.18:152][  0]LogMeshReduction: No distributed automatic mesh merging module available
[2020.12.14-13.40.18:153][  0]LogMeshMerging: No distributed automatic mesh merging module available
[2020.12.14-13.40.18:176][  0]LogNetVersion: ArenaBattle 1.0.0, NetCL: 13144385, EngineNetVer: 14, GameNetVer: 0 (Checksum: 1118572049)
[2020.12.14-13.40.18:837][  0]LogAISub: UAISubsystem::UAISubsystem AISubsystem (00000175EC814380), frame # 0
[2020.12.14-13.40.18:837][  0]LogAISub: UAISubsystem::UAISubsystem AIPerceptionSystem (00000175EF5CBC40), frame # 0
[2020.12.14-13.40.18:839][  0]LogAISub: UAISubsystem::UAISubsystem EnvQueryManager (00000175EC79DE00), frame # 0
[2020.12.14-13.40.18:896][  0]LogPackageLocalizationCache: Processed 19 localized package path(s) for 1 prioritized culture(s) in 0.043175 seconds
[2020.12.14-13.40.18:900][  0]LogUObjectArray: 15917 objects as part of root set at end of initial load.
[2020.12.14-13.40.18:900][  0]LogUObjectAllocator: 3965568 out of 0 bytes used by permanent object pool.
[2020.12.14-13.40.18:901][  0]LogUObjectArray: CloseDisregardForGC: 0/0 objects in disregard for GC pool
[2020.12.14-13.40.19:561][  0]LogTcpMessaging: Initializing TcpMessaging bridge
[2020.12.14-13.40.19:569][  0]LogUdpMessaging: Initializing bridge on interface 0.0.0.0:0 to multicast group 230.0.0.1:6666.
[2020.12.14-13.40.19:714][  0]ArenaBattle: Warning: AABCharacter::AttackEndComboState(258)AttackEndComboState CurrentCombo : 0
[2020.12.14-13.40.19:822][  0]SourceControl: 소스 컨트롤이 꺼졌습니다.
[2020.12.14-13.40.19:822][  0]SourceControl: 소스 컨트롤이 꺼졌습니다.
[2020.12.14-13.40.19:847][  0]SourceControl: 소스 컨트롤이 꺼졌습니다.
[2020.12.14-13.40.19:852][  0]SourceControl: 소스 컨트롤이 꺼졌습니다.
[2020.12.14-13.40.19:861][  0]SourceControl: 소스 컨트롤이 꺼졌습니다.
[2020.12.14-13.40.20:300][  0]LogAndroidPermission: UAndroidPermissionCallbackProxy::GetInstance
[2020.12.14-13.40.20:331][  0]LogAudioCaptureCore: Display: No Audio Capture implementations found. Audio input will be silent.
[2020.12.14-13.40.20:331][  0]LogAudioCaptureCore: Display: No Audio Capture implementations found. Audio input will be silent.
[2020.12.14-13.40.20:401][  0]LogOcInput: OculusInput pre-init called
[2020.12.14-13.40.20:416][  0]LogWindows: Failed to load 'OVRPlugin.dll' (GetLastError=126)
[2020.12.14-13.40.20:416][  0]LogWindows: File 'OVRPlugin.dll' does not exist
[2020.12.14-13.40.20:535][  0]LogEngine: Initializing Engine...
[2020.12.14-13.40.20:537][  0]LogHMD: Failed to initialize OpenVR with code 110
[2020.12.14-13.40.20:537][  0]LogMagicLeap: Warning: VR disabled because ZI is not enabled.  To enable, in the editor, Edit -> Project Settings -> Plugins -> Magic Leap Plugin -> Enable Zero Iteration
[2020.12.14-13.40.20:539][  0]LogStats: UGameplayTagsManager::InitializeManager -  0.001 s
[2020.12.14-13.40.20:652][  0]LogInit: Initializing FReadOnlyCVARCache
[2020.12.14-13.40.20:667][  0]LogAIModule: Creating AISystem for world Untitled
[2020.12.14-13.40.20:667][  0]LogAISub: UAISubsystem::UAISubsystem EnvQueryManager (00000175F6B2E000), frame # 0
[2020.12.14-13.40.20:667][  0]LogAISub: UAISubsystem::UAISubsystem AIPerceptionSystem (00000175F6B65580), frame # 0
[2020.12.14-13.40.20:683][  0]LogAudioMixer: Display: Audio Mixer Platform Settings:
[2020.12.14-13.40.20:683][  0]LogAudioMixer: Display: 	Sample Rate:						  48000
[2020.12.14-13.40.20:683][  0]LogAudioMixer: Display: 	Callback Buffer Frame Size Requested: 1024
[2020.12.14-13.40.20:683][  0]LogAudioMixer: Display: 	Callback Buffer Frame Size To Use:	  1024
[2020.12.14-13.40.20:683][  0]LogAudioMixer: Display: 	Number of buffers to queue:			  2
[2020.12.14-13.40.20:683][  0]LogAudioMixer: Display: 	Max Channels (voices):				  32
[2020.12.14-13.40.20:683][  0]LogAudioMixer: Display: 	Number of Async Source Workers:		  0
[2020.12.14-13.40.20:683][  0]LogAudio: Display: AudioDevice MaxSources: 32
[2020.12.14-13.40.20:683][  0]LogAudio: Display: Using built-in audio occlusion.
[2020.12.14-13.40.20:683][  0]LogAudioMixer: Display: Initializing audio mixer.
[2020.12.14-13.40.20:699][  0]LogAudioMixer: Display: 0: FrontLeft
[2020.12.14-13.40.20:699][  0]LogAudioMixer: Display: 1: FrontRight
[2020.12.14-13.40.20:740][  0]LogAudioMixer: Display: Using Audio Device 5 - HDMI(AMD High Definition Audio Device)
[2020.12.14-13.40.20:741][  0]LogAudioMixer: Display: Initializing Sound Submixes...
[2020.12.14-13.40.20:742][  0]LogAudioMixer: Display: Creating Master Submix 'MasterSubmixDefault'
[2020.12.14-13.40.20:742][  0]LogAudioMixer: Display: Creating Master Submix 'MasterReverbSubmixDefault'
[2020.12.14-13.40.20:743][  0]LogAudioMixer: Display: Creating Master Submix 'MasterEQSubmixDefault'
[2020.12.14-13.40.20:744][  0]LogInit: FAudioDevice initialized.
[2020.12.14-13.40.20:744][  0]LogNetVersion: Set ProjectVersion to 1.0.0.0. Version Checksum will be recalculated on next use.
[2020.12.14-13.40.20:791][  0]LogDerivedDataCache: Saved boot cache 0.05s 76MB C:/Users/ljslo/AppData/Local/UnrealEngine/4.25/DerivedDataCache/Boot.ddc.
[2020.12.14-13.40.20:796][  0]LogInit: Texture streaming: Enabled
[2020.12.14-13.40.20:821][  0]LogEngineSessionManager: EngineSessionManager initialized
[2020.12.14-13.40.20:821][  0]LogEngineSessionManager: EngineSessionManager sent abnormal shutdown report. Type=Debugger, SessionId={81369EA4-467C-B2B8-5740-CA9F2A780B29}
[2020.12.14-13.40.20:821][  0]LogEditorSessionSummary: Verbose: Initializing EditorSessionSummaryWriter for editor session tracking
[2020.12.14-13.40.20:823][  0]LogEditorSessionSummary: EditorSessionSummaryWriter initialized
[2020.12.14-13.40.20:894][  0]LogInit: Transaction tracking system initialized
[2020.12.14-13.40.20:932][  0]BlueprintLog: New page: 에디터 로드
[2020.12.14-13.40.21:092][  0]LocalizationService: 현지화 서비스가 비활성화되었습니다.
[2020.12.14-13.40.21:352][  0]LogCook: Display: Max memory allowance for cook 16384mb min free memory 0mb
[2020.12.14-13.40.21:352][  0]LogCook: Display: Mobile HDR setting 1
[2020.12.14-13.40.21:567][  0]LogFileCache: Scanning file cache for directory 'D:/Unreal Projects/ArenaBattle/Content/' took 0.01s
[2020.12.14-13.40.21:840][  0]SourceControl: 소스 컨트롤이 꺼졌습니다.
[2020.12.14-13.40.21:840][  0]LogUnrealEdMisc: Loading editor; pre map load, took 13.943
[2020.12.14-13.40.21:840][  0]Cmd: MAP LOAD FILE="D:/Unreal Projects/ArenaBattle/Content/Book/Maps/Step2.umap" TEMPLATE=0 SHOWPROGRESS=1 FEATURELEVEL=3
[2020.12.14-13.40.21:840][  0]LightingResults: New page: 라이팅 빌드
[2020.12.14-13.40.21:842][  0]LogWorld: UWorld::CleanupWorld for Untitled, bSessionEnded=true, bCleanupResources=true
[2020.12.14-13.40.21:842][  0]LogSlate: InvalidateAllWidgets triggered.  All widgets were invalidated
[2020.12.14-13.40.21:842][  0]MapCheck: New page: 맵 체크
[2020.12.14-13.40.21:842][  0]LightingResults: New page: 라이팅 빌드
[2020.12.14-13.40.21:855][  0]LogAISub: UAISubsystem::~UAISubsystem EnvQueryManager (00000175F6B2E000), frame # 0
[2020.12.14-13.40.21:855][  0]LogAISub: UAISubsystem::~UAISubsystem AIPerceptionSystem (00000175F6B65580), frame # 0
[2020.12.14-13.40.21:856][  0]LogUObjectHash: Compacting FUObjectHashTables data took   0.65ms
[2020.12.14-13.40.21:955][  0]LogAIModule: Creating AISystem for world Step2
[2020.12.14-13.40.21:955][  0]LogAISub: UAISubsystem::UAISubsystem EnvQueryManager (0000017582D83E00), frame # 0
[2020.12.14-13.40.21:955][  0]LogAISub: UAISubsystem::UAISubsystem AIPerceptionSystem (00000175EF930CC0), frame # 0
[2020.12.14-13.40.21:965][  0]LogEditorServer: Finished looking for orphan Actors (0.000 secs)
[2020.12.14-13.40.21:987][  0]LogUObjectHash: Compacting FUObjectHashTables data took   0.67ms
[2020.12.14-13.40.21:988][  0]Cmd: MAP CHECKDEP NOCLEARLOG
[2020.12.14-13.40.21:988][  0]MapCheck: 맵 체크 완료: 오류 0 회, 경고 0 회, 소요 시간 0.071ms.
[2020.12.14-13.40.21:988][  0]LogFileHelpers: Loading map 'Step2' took 0.148
[2020.12.14-13.40.21:990][  0]LogUnrealEdMisc: Total Editor Startup Time, took 14.093
[2020.12.14-13.40.22:210][  0]LogSlate: Updating window title bar state: overlay mode, drag disabled, window buttons hidden, title bar hidden
[2020.12.14-13.40.22:227][  0]LogSlate: Updating window title bar state: overlay mode, drag disabled, window buttons hidden, title bar hidden
[2020.12.14-13.40.22:237][  0]LogSlate: Updating window title bar state: overlay mode, drag disabled, window buttons hidden, title bar hidden
[2020.12.14-13.40.22:243][  0]LogSlate: Updating window title bar state: overlay mode, drag disabled, window buttons hidden, title bar hidden
[2020.12.14-13.40.22:252][  0]LogCollectionManager: Loaded 0 collections in 0.001831 seconds
[2020.12.14-13.40.22:267][  0]LogFileCache: Scanning file cache for directory 'D:/Unreal Projects/ArenaBattle/Saved/Collections/' took 0.00s
[2020.12.14-13.40.22:267][  0]LogFileCache: Scanning file cache for directory 'D:/Unreal Projects/ArenaBattle/Content/Developers/ljslo/Collections/' took 0.00s
[2020.12.14-13.40.22:267][  0]LogFileCache: Scanning file cache for directory 'D:/Unreal Projects/ArenaBattle/Content/Collections/' took 0.00s
[2020.12.14-13.40.22:267][  0]LogContentBrowser: Native class hierarchy populated in 0.0084 seconds. Added 3433 classes and 823 folders.
[2020.12.14-13.40.22:273][  0]LogContentBrowser: Native class hierarchy updated for 'WidgetCarousel' in 0.0003 seconds. Added 0 classes and 0 folders.
[2020.12.14-13.40.22:443][  0]LogContentBrowser: Native class hierarchy updated for 'AddContentDialog' in 0.0005 seconds. Added 0 classes and 0 folders.
[2020.12.14-13.40.22:451][  0]LogContentBrowser: Native class hierarchy updated for 'SceneOutliner' in 0.0005 seconds. Added 2 classes and 0 folders.
[2020.12.14-13.40.22:579][  0]LogSlate: Took 0.000792 seconds to synchronously load lazily loaded font '../../../Engine/Content/Slate/Fonts/Roboto-Regular.ttf' (155K)
[2020.12.14-13.40.22:584][  0]LogSlate: Took 0.004093 seconds to synchronously load lazily loaded font '../../../Engine/Content/Editor/Slate/Fonts/NanumGothic.ttf' (4243K)
[2020.12.14-13.40.22:588][  0]LogSlate: Took 0.003641 seconds to synchronously load lazily loaded font '../../../Engine/Content/Editor/Slate/Fonts/NanumGothicBold.ttf' (4188K)
[2020.12.14-13.40.22:589][  0]LogSlate: Took 0.000611 seconds to synchronously load lazily loaded font '../../../Engine/Content/Slate/Fonts/Roboto-Bold.ttf' (160K)
[2020.12.14-13.40.22:592][  0]LogSlate: Took 0.000562 seconds to synchronously load lazily loaded font '../../../Engine/Content/Editor/Slate/Fonts/FontAwesome.ttf' (139K)
[2020.12.14-13.40.22:678][  0]LogRenderer: Reallocating scene render targets to support 1208x572 Format 10 NumSamples 1 (Frame:1).
[2020.12.14-13.40.22:971][  0]LogContentBrowser: Native class hierarchy updated for 'HierarchicalLODOutliner' in 0.0004 seconds. Added 0 classes and 0 folders.
[2020.12.14-13.40.22:971][  0]LogLoad: (Engine Initialization) Total time: 15.07 seconds
[2020.12.14-13.40.22:971][  0]LogLoad: (Engine Initialization) Total Blueprint compile time: 0.00 seconds
[2020.12.14-13.40.23:077][  0]LogAssetRegistry: Asset discovery search completed in 5.4460 seconds
[2020.12.14-13.40.23:081][  0]LogCollectionManager: Fixed up redirectors for 0 collections in 0.000002 seconds (updated 0 objects)
[2020.12.14-13.40.23:083][  0]LogContentStreaming: Texture pool size now 1000 MB
[2020.12.14-13.40.24:386][  4]LogSlate: Took 0.001217 seconds to synchronously load lazily loaded font '../../../Engine/Content/Slate/Fonts/Roboto-Light.ttf' (167K)
[2020.12.14-13.41.04:276][387]LogAssetEditorSubsystem: Opening Asset editor for AnimMontage /Game/Book/Animations/SK_Mannequin_Skeleton_Montage.SK_Mannequin_Skeleton_Montage
[2020.12.14-13.41.04:288][387]LogContentBrowser: Native class hierarchy updated for 'SkeletonEditor' in 0.0003 seconds. Added 1 classes and 2 folders.
[2020.12.14-13.41.04:609][387]LogActorComponent: RegisterComponentWithWorld: (/Engine/Transient.World_2:PersistentLevel.AnimationEditorPreviewActor_0.DebugSkelMeshComponent_0) Already registered. Aborting.
[2020.12.14-13.41.04:611][387]LogContentBrowser: Native class hierarchy updated for 'PinnedCommandList' in 0.0008 seconds. Added 1 classes and 0 folders.
[2020.12.14-13.41.08:032][540]LogTemp: Repeating last play command: 선택된 뷰포트
[2020.12.14-13.41.08:047][540]LogPlayLevel: PlayLevel: No blueprints needed recompiling
[2020.12.14-13.41.08:050][540]PIE: New page: PIE 세션: Step2 (2020. 12. 15. 오전 7:41:08)
[2020.12.14-13.41.08:050][540]LogOnline: OSS: Creating online subsystem instance for: NULL
[2020.12.14-13.41.08:051][540]LogOnline: OSS: TryLoadSubsystemAndSetDefault: Loaded subsystem for module [NULL]
[2020.12.14-13.41.08:051][540]LogPlayLevel: Creating play world package: /Game/Book/Maps/UEDPIE_0_Step2
[2020.12.14-13.41.08:053][540]LogPlayLevel: PIE: StaticDuplicateObject took: (0.001837s)
[2020.12.14-13.41.08:054][540]LogAIModule: Creating AISystem for world Step2
[2020.12.14-13.41.08:054][540]LogAISub: UAISubsystem::UAISubsystem EnvQueryManager (000001758CCE9800), frame # 540
[2020.12.14-13.41.08:054][540]LogAISub: UAISubsystem::UAISubsystem AIPerceptionSystem (000001759FC8FD80), frame # 540
[2020.12.14-13.41.08:054][540]LogPlayLevel: PIE: World Init took: (0.000849s)
[2020.12.14-13.41.08:054][540]LogPlayLevel: PIE: Created PIE world by copying editor world from /Game/Book/Maps/Step2.Step2 to /Game/Book/Maps/UEDPIE_0_Step2.Step2 (0.002893s)
[2020.12.14-13.41.08:067][540]LogUObjectHash: Compacting FUObjectHashTables data took   0.62ms
[2020.12.14-13.41.08:068][540]LogAudioMixer: Display: Audio Mixer Platform Settings:
[2020.12.14-13.41.08:068][540]LogAudioMixer: Display: 	Sample Rate:						  48000
[2020.12.14-13.41.08:068][540]LogAudioMixer: Display: 	Callback Buffer Frame Size Requested: 1024
[2020.12.14-13.41.08:068][540]LogAudioMixer: Display: 	Callback Buffer Frame Size To Use:	  1024
[2020.12.14-13.41.08:068][540]LogAudioMixer: Display: 	Number of buffers to queue:			  2
[2020.12.14-13.41.08:068][540]LogAudioMixer: Display: 	Max Channels (voices):				  32
[2020.12.14-13.41.08:068][540]LogAudioMixer: Display: 	Number of Async Source Workers:		  0
[2020.12.14-13.41.08:068][540]LogAudio: Display: AudioDevice MaxSources: 32
[2020.12.14-13.41.08:069][540]LogAudio: Display: Using built-in audio occlusion.
[2020.12.14-13.41.08:069][540]LogAudioMixer: Display: Initializing audio mixer.
[2020.12.14-13.41.08:071][540]LogAudioMixer: Display: 0: FrontLeft
[2020.12.14-13.41.08:071][540]LogAudioMixer: Display: 1: FrontRight
[2020.12.14-13.41.08:082][540]LogAudioMixer: Display: Using Audio Device 5 - HDMI(AMD High Definition Audio Device)
[2020.12.14-13.41.08:082][540]LogAudioMixer: Display: Initializing Sound Submixes...
[2020.12.14-13.41.08:082][540]LogAudioMixer: Display: Creating Master Submix 'MasterSubmixDefault'
[2020.12.14-13.41.08:082][540]LogAudioMixer: Display: Creating Master Submix 'MasterReverbSubmixDefault'
[2020.12.14-13.41.08:083][540]LogAudioMixer: Display: Creating Master Submix 'MasterEQSubmixDefault'
[2020.12.14-13.41.08:095][540]LogInit: FAudioDevice initialized.
[2020.12.14-13.41.08:117][540]LogLoad: Game class is 'ABGameMode'
[2020.12.14-13.41.08:118][540]LogWorld: Bringing World /Game/Book/Maps/UEDPIE_0_Step2.Step2 up for play (max tick rate 60) at 2020.12.14-22.41.08
[2020.12.14-13.41.08:118][540]ArenaBattle: Warning: AFountain::PostInitializeComponents(68)
[2020.12.14-13.41.08:118][540]LogWorld: Bringing up level for play took: 0.000553
[2020.12.14-13.41.08:118][540]LogOnline: OSS: Creating online subsystem instance for: :Context_6
[2020.12.14-13.41.08:119][540]ArenaBattle: Warning: AABPlayerController::PostInitializeComponents(9)
[2020.12.14-13.41.08:120][540]ArenaBattle: Warning: AABGameMode::PostLogin(23)PostLogin Begin
[2020.12.14-13.41.08:122][540]LogContentBrowser: Native class hierarchy updated for 'MovieSceneCapture' in 0.0004 seconds. Added 20 classes and 0 folders.
[2020.12.14-13.41.08:122][540]ArenaBattle: Warning: AABCharacter::AttackEndComboState(258)AttackEndComboState CurrentCombo : 0
[2020.12.14-13.41.08:123][540]ArenaBattle: Warning: AABPlayerController::OnPossess(15)
[2020.12.14-13.41.08:123][540]ArenaBattle: Warning: AABGameMode::PostLogin(25)PostLogin End
[2020.12.14-13.41.08:123][540]ArenaBattle: Warning: AFountain::BeginPlay(55)
[2020.12.14-13.41.08:123][540]ArenaBattle: Warning: AFountain::BeginPlay(56)Actor Name : Fountain_1, ID : 0, Location X : 45.000
[2020.12.14-13.41.08:123][540]PIE: 서버가 로그인했습니다.
[2020.12.14-13.41.08:125][540]PIE: 에디터에서 플레이 총 시작 시간 0.078초입니다.
[2020.12.14-13.41.08:567][564]ArenaBattle: Warning: UABAnimInstance::JumpToAttackMontageSection(41)JumpToAttackMontageSection NewSection : 1
[2020.12.14-13.41.09:217][603]ArenaBattle: Warning: AABCharacter::PostInitializeComponents::<lambda_bdf95f47d5f402e75a307a8a235ce0a8>::operator ()(129)OnNextAttackCheck
[2020.12.14-13.41.09:217][603]ArenaBattle: Warning: AABCharacter::PostInitializeComponents::<lambda_bdf95f47d5f402e75a307a8a235ce0a8>::operator ()(133)CurrentCombo : 1
[2020.12.14-13.41.09:217][603]ArenaBattle: Warning: UABAnimInstance::JumpToAttackMontageSection(41)JumpToAttackMontageSection NewSection : 2
[2020.12.14-13.41.10:067][654]ArenaBattle: Warning: AABCharacter::PostInitializeComponents::<lambda_bdf95f47d5f402e75a307a8a235ce0a8>::operator ()(129)OnNextAttackCheck
[2020.12.14-13.41.10:067][654]ArenaBattle: Warning: AABCharacter::PostInitializeComponents::<lambda_bdf95f47d5f402e75a307a8a235ce0a8>::operator ()(133)CurrentCombo : 2
[2020.12.14-13.41.10:067][654]ArenaBattle: Warning: UABAnimInstance::JumpToAttackMontageSection(41)JumpToAttackMontageSection NewSection : 3
[2020.12.14-13.41.11:017][711]ArenaBattle: Warning: AABCharacter::PostInitializeComponents::<lambda_bdf95f47d5f402e75a307a8a235ce0a8>::operator ()(129)OnNextAttackCheck
[2020.12.14-13.41.11:017][711]ArenaBattle: Warning: AABCharacter::PostInitializeComponents::<lambda_bdf95f47d5f402e75a307a8a235ce0a8>::operator ()(133)CurrentCombo : 3
[2020.12.14-13.41.11:017][711]ArenaBattle: Warning: UABAnimInstance::JumpToAttackMontageSection(41)JumpToAttackMontageSection NewSection : 4
[2020.12.14-13.41.12:851][821]ArenaBattle: Warning: AABCharacter::AttackEndComboState(258)AttackEndComboState CurrentCombo : 4
[2020.12.14-13.41.13:918][885]ArenaBattle: Warning: UABAnimInstance::JumpToAttackMontageSection(41)JumpToAttackMontageSection NewSection : 1
[2020.12.14-13.41.14:567][924]ArenaBattle: Warning: AABCharacter::PostInitializeComponents::<lambda_bdf95f47d5f402e75a307a8a235ce0a8>::operator ()(129)OnNextAttackCheck
[2020.12.14-13.41.14:567][924]ArenaBattle: Warning: AABCharacter::PostInitializeComponents::<lambda_bdf95f47d5f402e75a307a8a235ce0a8>::operator ()(133)CurrentCombo : 1
[2020.12.14-13.41.14:567][924]ArenaBattle: Warning: UABAnimInstance::JumpToAttackMontageSection(41)JumpToAttackMontageSection NewSection : 2
[2020.12.14-13.41.15:417][975]ArenaBattle: Warning: AABCharacter::PostInitializeComponents::<lambda_bdf95f47d5f402e75a307a8a235ce0a8>::operator ()(129)OnNextAttackCheck
[2020.12.14-13.41.15:417][975]ArenaBattle: Warning: AABCharacter::PostInitializeComponents::<lambda_bdf95f47d5f402e75a307a8a235ce0a8>::operator ()(133)CurrentCombo : 2
[2020.12.14-13.41.15:417][975]ArenaBattle: Warning: UABAnimInstance::JumpToAttackMontageSection(41)JumpToAttackMontageSection NewSection : 3
[2020.12.14-13.41.15:772][994]LogSlate: Updating window title bar state: overlay mode, drag disabled, window buttons hidden, title bar hidden
[2020.12.14-13.41.15:772][994]LogWorld: BeginTearingDown for /Game/Book/Maps/UEDPIE_0_Step2
[2020.12.14-13.41.15:773][994]ArenaBattle: Warning: AFountain::EndPlay(62)
[2020.12.14-13.41.15:773][994]LogWorld: UWorld::CleanupWorld for Step2, bSessionEnded=true, bCleanupResources=true
[2020.12.14-13.41.15:773][994]LogSlate: InvalidateAllWidgets triggered.  All widgets were invalidated
[2020.12.14-13.41.15:781][994]LogPlayLevel: Display: Shutting down PIE online subsystems
[2020.12.14-13.41.15:783][994]LogSlate: InvalidateAllWidgets triggered.  All widgets were invalidated
[2020.12.14-13.41.15:832][994]LogSlate: Updating window title bar state: overlay mode, drag disabled, window buttons hidden, title bar hidden
[2020.12.14-13.41.15:833][994]LogAISub: UAISubsystem::~UAISubsystem EnvQueryManager (000001758CCE9800), frame # 994
[2020.12.14-13.41.15:833][994]LogAISub: UAISubsystem::~UAISubsystem AIPerceptionSystem (000001759FC8FD80), frame # 994
[2020.12.14-13.41.15:834][994]LogUObjectHash: Compacting FUObjectHashTables data took   1.06ms
[2020.12.14-13.41.15:878][995]LogPlayLevel: Display: Destroying online subsystem :Context_6
[2020.12.14-13.41.23:668][449]Cmd: OBJ SAVEPACKAGE PACKAGE="/Game/Book/Animations/SK_Mannequin_Skeleton_Montage" FILE="D:/Unreal Projects/ArenaBattle/Content/Book/Animations/SK_Mannequin_Skeleton_Montage.uasset" SILENT=true
[2020.12.14-13.41.23:685][449]LogSavePackage: Moving 'D:/Unreal Projects/ArenaBattle/Saved/SK_Mannequin_Skeleton_Montage025992A14BBFC7FE7A0727AAB343F798.tmp' to 'D:/Unreal Projects/ArenaBattle/Content/Book/Animations/SK_Mannequin_Skeleton_Montage.uasset'
[2020.12.14-13.41.23:697][449]AssetCheck: New page: 애셋 저장: SK_Mannequin_Skeleton_Montage
[2020.12.14-13.41.23:697][449]LogContentValidation: Display: AnimMontage /Game/Book/Animations/SK_Mannequin_Skeleton_Montage.SK_Mannequin_Skeleton_Montage 유효성 검사
[2020.12.14-13.41.25:350][548]LogTemp: Repeating last play command: 선택된 뷰포트
[2020.12.14-13.41.25:363][548]LogPlayLevel: PlayLevel: No blueprints needed recompiling
[2020.12.14-13.41.25:363][548]PIE: New page: PIE 세션: Step2 (2020. 12. 15. 오전 7:41:25)
[2020.12.14-13.41.25:363][548]LogPlayLevel: Creating play world package: /Game/Book/Maps/UEDPIE_0_Step2
[2020.12.14-13.41.25:364][548]LogPlayLevel: PIE: StaticDuplicateObject took: (0.001598s)
[2020.12.14-13.41.25:364][548]LogAIModule: Creating AISystem for world Step2
[2020.12.14-13.41.25:364][548]LogAISub: UAISubsystem::UAISubsystem EnvQueryManager (0000017608988400), frame # 1548
[2020.12.14-13.41.25:364][548]LogAISub: UAISubsystem::UAISubsystem AIPerceptionSystem (0000017607D38540), frame # 1548
[2020.12.14-13.41.25:364][548]LogPlayLevel: PIE: World Init took: (0.000799s)
[2020.12.14-13.41.25:364][548]LogPlayLevel: PIE: Created PIE world by copying editor world from /Game/Book/Maps/Step2.Step2 to /Game/Book/Maps/UEDPIE_0_Step2.Step2 (0.002478s)
[2020.12.14-13.41.25:375][548]LogUObjectHash: Compacting FUObjectHashTables data took   0.51ms
[2020.12.14-13.41.25:376][548]LogAudioMixer: Display: Audio Mixer Platform Settings:
[2020.12.14-13.41.25:376][548]LogAudioMixer: Display: 	Sample Rate:						  48000
[2020.12.14-13.41.25:376][548]LogAudioMixer: Display: 	Callback Buffer Frame Size Requested: 1024
[2020.12.14-13.41.25:376][548]LogAudioMixer: Display: 	Callback Buffer Frame Size To Use:	  1024
[2020.12.14-13.41.25:376][548]LogAudioMixer: Display: 	Number of buffers to queue:			  2
[2020.12.14-13.41.25:376][548]LogAudioMixer: Display: 	Max Channels (voices):				  32
[2020.12.14-13.41.25:376][548]LogAudioMixer: Display: 	Number of Async Source Workers:		  0
[2020.12.14-13.41.25:376][548]LogAudio: Display: AudioDevice MaxSources: 32
[2020.12.14-13.41.25:377][548]LogAudio: Display: Using built-in audio occlusion.
[2020.12.14-13.41.25:377][548]LogAudioMixer: Display: Initializing audio mixer.
[2020.12.14-13.41.25:379][548]LogAudioMixer: Display: 0: FrontLeft
[2020.12.14-13.41.25:379][548]LogAudioMixer: Display: 1: FrontRight
[2020.12.14-13.41.25:389][548]LogAudioMixer: Display: Using Audio Device 5 - HDMI(AMD High Definition Audio Device)
[2020.12.14-13.41.25:389][548]LogAudioMixer: Display: Initializing Sound Submixes...
[2020.12.14-13.41.25:389][548]LogAudioMixer: Display: Creating Master Submix 'MasterSubmixDefault'
[2020.12.14-13.41.25:389][548]LogAudioMixer: Display: Creating Master Submix 'MasterReverbSubmixDefault'
[2020.12.14-13.41.25:389][548]LogAudioMixer: Display: Creating Master Submix 'MasterEQSubmixDefault'
[2020.12.14-13.41.25:403][548]LogInit: FAudioDevice initialized.
[2020.12.14-13.41.25:410][548]LogLoad: Game class is 'ABGameMode'
[2020.12.14-13.41.25:411][548]LogWorld: Bringing World /Game/Book/Maps/UEDPIE_0_Step2.Step2 up for play (max tick rate 60) at 2020.12.14-22.41.25
[2020.12.14-13.41.25:411][548]ArenaBattle: Warning: AFountain::PostInitializeComponents(68)
[2020.12.14-13.41.25:411][548]LogWorld: Bringing up level for play took: 0.000597
[2020.12.14-13.41.25:411][548]LogOnline: OSS: Creating online subsystem instance for: :Context_7
[2020.12.14-13.41.25:412][548]ArenaBattle: Warning: AABPlayerController::PostInitializeComponents(9)
[2020.12.14-13.41.25:412][548]ArenaBattle: Warning: AABGameMode::PostLogin(23)PostLogin Begin
[2020.12.14-13.41.25:413][548]ArenaBattle: Warning: AABCharacter::AttackEndComboState(258)AttackEndComboState CurrentCombo : 0
[2020.12.14-13.41.25:413][548]ArenaBattle: Warning: AABPlayerController::OnPossess(15)
[2020.12.14-13.41.25:413][548]ArenaBattle: Warning: AABGameMode::PostLogin(25)PostLogin End
[2020.12.14-13.41.25:413][548]ArenaBattle: Warning: AFountain::BeginPlay(55)
[2020.12.14-13.41.25:413][548]ArenaBattle: Warning: AFountain::BeginPlay(56)Actor Name : Fountain_1, ID : 0, Location X : 45.000
[2020.12.14-13.41.25:413][548]PIE: 서버가 로그인했습니다.
[2020.12.14-13.41.25:414][548]PIE: 에디터에서 플레이 총 시작 시간 0.052초입니다.
[2020.12.14-13.41.25:870][574]ArenaBattle: Warning: UABAnimInstance::JumpToAttackMontageSection(41)JumpToAttackMontageSection NewSection : 1
[2020.12.14-13.41.26:519][613]ArenaBattle: Warning: AABCharacter::PostInitializeComponents::<lambda_bdf95f47d5f402e75a307a8a235ce0a8>::operator ()(129)OnNextAttackCheck
[2020.12.14-13.41.26:519][613]ArenaBattle: Warning: AABCharacter::PostInitializeComponents::<lambda_bdf95f47d5f402e75a307a8a235ce0a8>::operator ()(133)CurrentCombo : 1
[2020.12.14-13.41.26:519][613]ArenaBattle: Warning: UABAnimInstance::JumpToAttackMontageSection(41)JumpToAttackMontageSection NewSection : 2
[2020.12.14-13.41.27:169][652]ArenaBattle: Warning: AABCharacter::PostInitializeComponents::<lambda_bdf95f47d5f402e75a307a8a235ce0a8>::operator ()(129)OnNextAttackCheck
[2020.12.14-13.41.27:169][652]ArenaBattle: Warning: AABCharacter::PostInitializeComponents::<lambda_bdf95f47d5f402e75a307a8a235ce0a8>::operator ()(133)CurrentCombo : 2
[2020.12.14-13.41.27:169][652]ArenaBattle: Warning: UABAnimInstance::JumpToAttackMontageSection(41)JumpToAttackMontageSection NewSection : 3
[2020.12.14-13.41.27:836][692]ArenaBattle: Warning: AABCharacter::PostInitializeComponents::<lambda_bdf95f47d5f402e75a307a8a235ce0a8>::operator ()(129)OnNextAttackCheck
[2020.12.14-13.41.27:836][692]ArenaBattle: Warning: AABCharacter::PostInitializeComponents::<lambda_bdf95f47d5f402e75a307a8a235ce0a8>::operator ()(133)CurrentCombo : 3
[2020.12.14-13.41.27:836][692]ArenaBattle: Warning: UABAnimInstance::JumpToAttackMontageSection(41)JumpToAttackMontageSection NewSection : 4
[2020.12.14-13.41.29:670][802]ArenaBattle: Warning: AABCharacter::AttackEndComboState(258)AttackEndComboState CurrentCombo : 4
[2020.12.14-13.41.30:336][842]ArenaBattle: Warning: UABAnimInstance::JumpToAttackMontageSection(41)JumpToAttackMontageSection NewSection : 1
[2020.12.14-13.41.30:987][881]ArenaBattle: Warning: AABCharacter::PostInitializeComponents::<lambda_bdf95f47d5f402e75a307a8a235ce0a8>::operator ()(129)OnNextAttackCheck
[2020.12.14-13.41.30:987][881]ArenaBattle: Warning: AABCharacter::PostInitializeComponents::<lambda_bdf95f47d5f402e75a307a8a235ce0a8>::operator ()(133)CurrentCombo : 1
[2020.12.14-13.41.30:987][881]ArenaBattle: Warning: UABAnimInstance::JumpToAttackMontageSection(41)JumpToAttackMontageSection NewSection : 2
[2020.12.14-13.41.31:637][920]ArenaBattle: Warning: AABCharacter::PostInitializeComponents::<lambda_bdf95f47d5f402e75a307a8a235ce0a8>::operator ()(129)OnNextAttackCheck
[2020.12.14-13.41.31:637][920]ArenaBattle: Warning: AABCharacter::PostInitializeComponents::<lambda_bdf95f47d5f402e75a307a8a235ce0a8>::operator ()(133)CurrentCombo : 2
[2020.12.14-13.41.31:637][920]ArenaBattle: Warning: UABAnimInstance::JumpToAttackMontageSection(41)JumpToAttackMontageSection NewSection : 3
[2020.12.14-13.41.32:303][960]ArenaBattle: Warning: AABCharacter::PostInitializeComponents::<lambda_bdf95f47d5f402e75a307a8a235ce0a8>::operator ()(129)OnNextAttackCheck
[2020.12.14-13.41.32:303][960]ArenaBattle: Warning: AABCharacter::PostInitializeComponents::<lambda_bdf95f47d5f402e75a307a8a235ce0a8>::operator ()(133)CurrentCombo : 3
[2020.12.14-13.41.32:303][960]ArenaBattle: Warning: UABAnimInstance::JumpToAttackMontageSection(41)JumpToAttackMontageSection NewSection : 4
[2020.12.14-13.41.34:136][ 70]ArenaBattle: Warning: AABCharacter::AttackEndComboState(258)AttackEndComboState CurrentCombo : 4
[2020.12.14-13.41.34:153][ 71]ArenaBattle: Warning: UABAnimInstance::JumpToAttackMontageSection(41)JumpToAttackMontageSection NewSection : 1
[2020.12.14-13.41.34:803][110]ArenaBattle: Warning: AABCharacter::PostInitializeComponents::<lambda_bdf95f47d5f402e75a307a8a235ce0a8>::operator ()(129)OnNextAttackCheck
[2020.12.14-13.41.34:803][110]ArenaBattle: Warning: AABCharacter::PostInitializeComponents::<lambda_bdf95f47d5f402e75a307a8a235ce0a8>::operator ()(133)CurrentCombo : 1
[2020.12.14-13.41.34:803][110]ArenaBattle: Warning: UABAnimInstance::JumpToAttackMontageSection(41)JumpToAttackMontageSection NewSection : 2
[2020.12.14-13.41.35:454][149]ArenaBattle: Warning: AABCharacter::PostInitializeComponents::<lambda_bdf95f47d5f402e75a307a8a235ce0a8>::operator ()(129)OnNextAttackCheck
[2020.12.14-13.41.35:454][149]ArenaBattle: Warning: AABCharacter::PostInitializeComponents::<lambda_bdf95f47d5f402e75a307a8a235ce0a8>::operator ()(133)CurrentCombo : 2
[2020.12.14-13.41.35:454][149]ArenaBattle: Warning: UABAnimInstance::JumpToAttackMontageSection(41)JumpToAttackMontageSection NewSection : 3
[2020.12.14-13.41.36:120][189]ArenaBattle: Warning: AABCharacter::PostInitializeComponents::<lambda_bdf95f47d5f402e75a307a8a235ce0a8>::operator ()(129)OnNextAttackCheck
[2020.12.14-13.41.36:120][189]ArenaBattle: Warning: AABCharacter::PostInitializeComponents::<lambda_bdf95f47d5f402e75a307a8a235ce0a8>::operator ()(133)CurrentCombo : 3
[2020.12.14-13.41.36:120][189]ArenaBattle: Warning: UABAnimInstance::JumpToAttackMontageSection(41)JumpToAttackMontageSection NewSection : 4
[2020.12.14-13.41.37:954][299]ArenaBattle: Warning: AABCharacter::AttackEndComboState(258)AttackEndComboState CurrentCombo : 4
[2020.12.14-13.41.38:292][318]LogSlate: Updating window title bar state: overlay mode, drag disabled, window buttons hidden, title bar hidden
[2020.12.14-13.41.38:292][318]LogWorld: BeginTearingDown for /Game/Book/Maps/UEDPIE_0_Step2
[2020.12.14-13.41.38:292][318]ArenaBattle: Warning: AFountain::EndPlay(62)
[2020.12.14-13.41.38:292][318]LogWorld: UWorld::CleanupWorld for Step2, bSessionEnded=true, bCleanupResources=true
[2020.12.14-13.41.38:292][318]LogSlate: InvalidateAllWidgets triggered.  All widgets were invalidated
[2020.12.14-13.41.38:301][318]LogPlayLevel: Display: Shutting down PIE online subsystems
[2020.12.14-13.41.38:303][318]LogSlate: InvalidateAllWidgets triggered.  All widgets were invalidated
[2020.12.14-13.41.38:328][318]LogSlate: Updating window title bar state: overlay mode, drag disabled, window buttons hidden, title bar hidden
[2020.12.14-13.41.38:329][318]LogAISub: UAISubsystem::~UAISubsystem AIPerceptionSystem (0000017607D38540), frame # 2318
[2020.12.14-13.41.38:329][318]LogAISub: UAISubsystem::~UAISubsystem EnvQueryManager (0000017608988400), frame # 2318
[2020.12.14-13.41.38:330][318]LogUObjectHash: Compacting FUObjectHashTables data took   0.59ms
[2020.12.14-13.41.38:455][320]LogPlayLevel: Display: Destroying online subsystem :Context_7
[2020.12.14-13.41.41:284][475]LogUObjectHash: Compacting FUObjectHashTables data took   0.52ms
